# 股价提醒日志

## 2026-03-18 23:15 - 每日操作报告生成

**持仓总览**：
- 总成本：¥162,943
- 当前市值：¥154,656
- 总浮亏：**-¥8,287（-5.1%）**

**各股实时价格**（收盘价）：
1. 迈瑞医疗（300760）：¥174.92 | 浮亏 -9.0% | 接近加仓区间
2. 全志科技（300458）：¥38.14 | 浮亏 -10.9% | 已进入加仓区间
3. 比亚迪（002594）：¥101.70 | 浮盈 +9.6% | 持有
4. 潮宏基（002345）：¥10.51 | 浮亏 -25.0% | ⚠️ 深度亏损，建议止损
5. 招商银行（600036）：¥39.92 | 浮盈 +2.3% | 持有

**明日操作重点**：
1. 潮宏基：开盘观察，若破¥10果断止损
2. 全志科技：加仓500股（¥37-38）
3. 迈瑞医疗：加仓100股（¥170-175）

**推荐股票**：
1. 长江电力（600900）：¥27.29 - 防御首选
2. 欧派家居（603833）：¥57.13 - 成长价值
3. 燕京啤酒（000858）：¥103.72 - 消费复苏

**下次提醒**：2026-03-19 09:15（开盘前）

---
=== 股价监控 2026-03-19 00:00:01 ===
检查宁德时代...
  当前价格: ¥342.01
  目标价格: ¥280-300
  距离目标价还差 14.00%

检查比亚迪...
  当前价格: ¥89.32
  目标价格: ¥60-70
  距离目标价还差 27.00%

监控完成。
=== 股价监控 2026-03-19 01:00:01 ===
检查宁德时代...
  当前价格: ¥342.01
  目标价格: ¥280-300
  距离目标价还差 14.00%

检查比亚迪...
  当前价格: ¥89.32
  目标价格: ¥60-70
  距离目标价还差 27.00%

监控完成。
=== 股价监控 2026-03-19 02:00:01 ===
检查宁德时代...
  当前价格: ¥342.01
  目标价格: ¥280-300
  距离目标价还差 14.00%

检查比亚迪...
  当前价格: ¥89.32
  目标价格: ¥60-70
  距离目标价还差 27.00%

监控完成。
=== 股价监控 2026-03-19 03:00:01 ===
检查宁德时代...
  当前价格: ¥342.01
  目标价格: ¥280-300
  距离目标价还差 14.00%

检查比亚迪...
  当前价格: ¥89.32
  目标价格: ¥60-70
  距离目标价还差 27.00%

监控完成。
=== 股价监控 2026-03-19 04:00:01 ===
检查宁德时代...
  当前价格: ¥342.01
  目标价格: ¥280-300
  距离目标价还差 14.00%

检查比亚迪...
  当前价格: ¥89.32
  目标价格: ¥60-70
  距离目标价还差 27.00%

监控完成。
=== 股价监控 2026-03-19 05:00:01 ===
检查宁德时代...
  当前价格: ¥342.01
  目标价格: ¥280-300
  距离目标价还差 14.00%

检查比亚迪...
  当前价格: ¥89.32
  目标价格: ¥60-70
  距离目标价还差 27.00%

监控完成。
=== 股价监控 2026-03-19 06:00:01 ===
检查宁德时代...
  当前价格: ¥342.01
  目标价格: ¥280-300
  距离目标价还差 14.00%

检查比亚迪...
  当前价格: ¥89.32
  目标价格: ¥60-70
  距离目标价还差 27.00%

监控完成。
=== 股价监控 2026-03-19 07:00:01 ===
检查宁德时代...
  当前价格: ¥342.01
  目标价格: ¥280-300
  距离目标价还差 14.00%

检查比亚迪...
  当前价格: ¥89.32
  目标价格: ¥60-70
  距离目标价还差 27.00%

监控完成。
=== 股价监控 2026-03-19 08:00:01 ===
检查宁德时代...
  当前价格: ¥342.01
  目标价格: ¥280-300
  距离目标价还差 14.00%

检查比亚迪...
  当前价格: ¥89.32
  目标价格: ¥60-70
  距离目标价还差 27.00%

监控完成。
=== 股价监控 2026-03-19 09:00:01 ===
检查宁德时代...
  当前价格: ¥342.01
  目标价格: ¥280-300
  距离目标价还差 14.00%

检查比亚迪...
  当前价格: ¥89.32
  目标价格: ¥60-70
  距离目标价还差 27.00%

监控完成。
=== 股价监控 2026-03-19 10:00:01 ===
检查宁德时代...
  当前价格: ¥342.01
  目标价格: ¥280-300
  距离目标价还差 14.00%

检查比亚迪...
  当前价格: ¥89.32
  目标价格: ¥60-70
  距离目标价还差 27.00%

监控完成。
=== 股价监控 2026-03-19 11:00:01 ===
检查宁德时代...
  当前价格: ¥342.01
  目标价格: ¥280-300
  距离目标价还差 14.00%

检查比亚迪...
  当前价格: ¥89.32
  目标价格: ¥60-70
  距离目标价还差 27.00%

监控完成。
=== 股价监控 2026-03-19 12:00:01 ===
检查宁德时代...
  当前价格: ¥342.01
  目标价格: ¥280-300
  距离目标价还差 14.00%

检查比亚迪...
  当前价格: ¥89.32
  目标价格: ¥60-70
  距离目标价还差 27.00%

监控完成。
=== 股价监控 2026-03-19 13:00:01 ===
检查宁德时代...
  当前价格: ¥342.01
  目标价格: ¥280-300
  距离目标价还差 14.00%

检查比亚迪...
  当前价格: ¥89.32
  目标价格: ¥60-70
  距离目标价还差 27.00%

监控完成。
=== 股价监控 2026-03-19 14:00:01 ===
检查宁德时代...
  当前价格: ¥342.01
  目标价格: ¥280-300
  距离目标价还差 14.00%

检查比亚迪...
  当前价格: ¥89.32
  目标价格: ¥60-70
  距离目标价还差 27.00%

监控完成。
=== 股价监控 2026-03-19 15:00:01 ===
检查宁德时代...
  当前价格: ¥342.01
  目标价格: ¥280-300
  距离目标价还差 14.00%

检查比亚迪...
  当前价格: ¥89.32
  目标价格: ¥60-70
  距离目标价还差 27.00%

监控完成。
=== 股价监控 2026-03-19 16:00:01 ===
检查宁德时代...
  当前价格: ¥342.01
  目标价格: ¥280-300
  距离目标价还差 14.00%

检查比亚迪...
  当前价格: ¥89.32
  目标价格: ¥60-70
  距离目标价还差 27.00%

监控完成。
=== 股价监控 2026-03-19 17:00:01 ===
检查宁德时代...
  当前价格: ¥342.01
  目标价格: ¥280-300
  距离目标价还差 14.00%

检查比亚迪...
  当前价格: ¥89.32
  目标价格: ¥60-70
  距离目标价还差 27.00%

监控完成。
=== 股价监控 2026-03-19 18:00:01 ===
检查宁德时代...
  当前价格: ¥342.01
  目标价格: ¥280-300
  距离目标价还差 14.00%

检查比亚迪...
  当前价格: ¥89.32
  目标价格: ¥60-70
  距离目标价还差 27.00%

监控完成。
=== 股价监控 2026-03-19 19:00:01 ===
检查宁德时代...
  当前价格: ¥342.01
  目标价格: ¥280-300
  距离目标价还差 14.00%

检查比亚迪...
  当前价格: ¥89.32
  目标价格: ¥60-70
  距离目标价还差 27.00%

监控完成。
[2026-03-19 19:28:17] === 定时提醒触发 ===
[2026-03-19 19:28:17] 时间: 2026-03-19 19:28:17
[2026-03-19 19:28:17] 触发类型: 定时检查
[2026-03-19 19:28:17] --- 持仓股票实时价格 ---
[2026-03-19 19:28:17] 迈瑞医疗(300760): ¥171.860
[2026-03-19 19:28:17] 全志科技(300458): ¥36.900
[2026-03-19 19:28:17] 比亚迪(002594): ¥102.310
[2026-03-19 19:28:17] 潮宏基(002345): ¥10.220
[2026-03-19 19:28:17] 招商银行(600036): ¥39.770
[2026-03-19 19:28:17] --- 价格获取完成 ---
[2026-03-19 19:28:17] 请主动询问ValueAnalyzer获取详细操作建议
[2026-03-19 19:28:17] 发送消息: '' 或 '持仓分析'
[2026-03-19 19:28:17] 
[2026-03-19 19:29:12] === 定时提醒触发 ===
[2026-03-19 19:29:12] 时间: 2026-03-19 19:29:12
[2026-03-19 19:29:12] 触发类型: 定时检查
[2026-03-19 19:29:12] --- 持仓股票实时价格 ---
[2026-03-19 19:29:12] 迈瑞医疗(300760): ¥171.860
[2026-03-19 19:29:12] 全志科技(300458): ¥36.900
[2026-03-19 19:29:12] 比亚迪(002594): ¥102.310
[2026-03-19 19:29:12] 潮宏基(002345): ¥10.220
[2026-03-19 19:29:12] 招商银行(600036): ¥39.770
[2026-03-19 19:29:12] --- 价格获取完成 ---
[2026-03-19 19:29:12] === 关键提醒 ===
[2026-03-19 19:29:12] 🔴 全志科技(¥36.900)已进入加仓区间（¥35-38）\n🟡 迈瑞医疗(¥171.860)已进入加仓区间（¥160-175）\n⚠️ 潮宏基(¥10.220)接近止损线（¥10），考虑止损\n
[2026-03-19 19:29:12] 
=== 股价监控 2026-03-19 20:00:01 ===
检查宁德时代...
  当前价格: ¥342.01
  目标价格: ¥280-300
  距离目标价还差 14.00%

检查比亚迪...
  当前价格: ¥89.32
  目标价格: ¥60-70
  距离目标价还差 27.00%

监控完成。
[2026-03-19 20:11:33] === 定时提醒触发 ===
[2026-03-19 20:11:33] 时间: 2026-03-19 20:11:33
[2026-03-19 20:11:33] 触发类型: 定时检查
[2026-03-19 20:11:33] --- 持仓股票实时价格 ---
[2026-03-19 20:11:33] 迈瑞医疗(300760): ¥171.860
[2026-03-19 20:11:33] 全志科技(300458): ¥36.900
[2026-03-19 20:11:33] 比亚迪(002594): ¥102.310
[2026-03-19 20:11:33] 潮宏基(002345): ¥10.220
[2026-03-19 20:11:33] 招商银行(600036): ¥39.770
[2026-03-19 20:11:33] --- 价格获取完成 ---
[2026-03-19 20:11:33] === 关键提醒 ===
[2026-03-19 20:11:33] 🔴 全志科技(¥36.900)已进入加仓区间（¥35-38）\n🟡 迈瑞医疗(¥171.860)已进入加仓区间（¥160-175）\n⚠️ 潮宏基(¥10.220)接近止损线（¥10），考虑止损\n
[2026-03-19 20:11:33] 提醒已记录到: /home/yi5an/.openclaw/workspace-valueanalyzer/.stock-alert-pending
[2026-03-19 20:11:33] ValueAnalyzer将在下次响应时发送Telegram消息
[2026-03-19 20:11:33] 
=== 股价监控 2026-03-19 21:00:01 ===
检查宁德时代...
  当前价格: ¥342.01
  目标价格: ¥280-300
  距离目标价还差 14.00%

检查比亚迪...
  当前价格: ¥89.32
  目标价格: ¥60-70
  距离目标价还差 27.00%

监控完成。
=== 股价监控 2026-03-19 22:00:01 ===
检查宁德时代...
  当前价格: ¥342.01
  目标价格: ¥280-300
  距离目标价还差 14.00%

检查比亚迪...
  当前价格: ¥89.32
  目标价格: ¥60-70
  距离目标价还差 27.00%

监控完成。
=== 股价监控 2026-03-19 23:00:01 ===
检查宁德时代...
  当前价格: ¥342.01
  目标价格: ¥280-300
  距离目标价还差 14.00%

检查比亚迪...
  当前价格: ¥89.32
  目标价格: ¥60-70
  距离目标价还差 27.00%

监控完成。
=== 股价监控 2026-03-20 00:00:01 ===
检查宁德时代...
  当前价格: ¥342.01
  目标价格: ¥280-300
  距离目标价还差 14.00%

检查比亚迪...
  当前价格: ¥89.32
  目标价格: ¥60-70
  距离目标价还差 27.00%

监控完成。
=== 股价监控 2026-03-20 01:00:01 ===
检查宁德时代...
  当前价格: ¥342.01
  目标价格: ¥280-300
  距离目标价还差 14.00%

检查比亚迪...
  当前价格: ¥89.32
  目标价格: ¥60-70
  距离目标价还差 27.00%

监控完成。
=== 股价监控 2026-03-20 02:00:01 ===
检查宁德时代...
  当前价格: ¥342.01
  目标价格: ¥280-300
  距离目标价还差 14.00%

检查比亚迪...
  当前价格: ¥89.32
  目标价格: ¥60-70
  距离目标价还差 27.00%

监控完成。
=== 股价监控 2026-03-20 03:00:01 ===
检查宁德时代...
  当前价格: ¥342.01
  目标价格: ¥280-300
  距离目标价还差 14.00%

检查比亚迪...
  当前价格: ¥89.32
  目标价格: ¥60-70
  距离目标价还差 27.00%

监控完成。
=== 股价监控 2026-03-20 04:00:01 ===
检查宁德时代...
  当前价格: ¥342.01
  目标价格: ¥280-300
  距离目标价还差 14.00%

检查比亚迪...
  当前价格: ¥89.32
  目标价格: ¥60-70
  距离目标价还差 27.00%

监控完成。
=== 股价监控 2026-03-20 05:00:01 ===
检查宁德时代...
  当前价格: ¥342.01
  目标价格: ¥280-300
  距离目标价还差 14.00%

检查比亚迪...
  当前价格: ¥89.32
  目标价格: ¥60-70
  距离目标价还差 27.00%

监控完成。
=== 股价监控 2026-03-20 06:00:01 ===
检查宁德时代...
  当前价格: ¥342.01
  目标价格: ¥280-300
  距离目标价还差 14.00%

检查比亚迪...
  当前价格: ¥89.32
  目标价格: ¥60-70
  距离目标价还差 27.00%

监控完成。
=== 股价监控 2026-03-20 07:00:01 ===
检查宁德时代...
  当前价格: ¥342.01
  目标价格: ¥280-300
  距离目标价还差 14.00%

检查比亚迪...
  当前价格: ¥89.32
  目标价格: ¥60-70
  距离目标价还差 27.00%

监控完成。
=== 股价监控 2026-03-20 08:00:01 ===
检查宁德时代...
  当前价格: ¥342.01
  目标价格: ¥280-300
  距离目标价还差 14.00%

检查比亚迪...
  当前价格: ¥89.32
  目标价格: ¥60-70
  距离目标价还差 27.00%

监控完成。
=== 股价监控 2026-03-20 09:00:01 ===
检查宁德时代...
  当前价格: ¥342.01
  目标价格: ¥280-300
  距离目标价还差 14.00%

检查比亚迪...
  当前价格: ¥89.32
  目标价格: ¥60-70
  距离目标价还差 27.00%

监控完成。
[2026-03-20 09:15:01] === 定时提醒触发 ===
[2026-03-20 09:15:01] 时间: 2026-03-20 09:15:01
=== 股价监控 2026-03-20 10:00:01 ===
检查宁德时代...
  当前价格: ¥342.01
  目标价格: ¥280-300
  距离目标价还差 14.00%

检查比亚迪...
  当前价格: ¥89.32
  目标价格: ¥60-70
  距离目标价还差 27.00%

监控完成。
=== 股价监控 2026-03-20 11:00:01 ===
检查宁德时代...
  当前价格: ¥342.01
  目标价格: ¥280-300
  距离目标价还差 14.00%

检查比亚迪...
  当前价格: ¥89.32
  目标价格: ¥60-70
  距离目标价还差 27.00%

监控完成。
=== 股价监控 2026-03-20 12:00:01 ===
检查宁德时代...
  当前价格: ¥342.01
  目标价格: ¥280-300
  距离目标价还差 14.00%

检查比亚迪...
  当前价格: ¥89.32
  目标价格: ¥60-70
  距离目标价还差 27.00%

监控完成。
=== 股价监控 2026-03-20 13:00:01 ===
检查宁德时代...
  当前价格: ¥342.01
  目标价格: ¥280-300
  距离目标价还差 14.00%

检查比亚迪...
  当前价格: ¥89.32
  目标价格: ¥60-70
  距离目标价还差 27.00%

监控完成。
=== 股价监控 2026-03-20 14:00:01 ===
检查宁德时代...
  当前价格: ¥342.01
  目标价格: ¥280-300
  距离目标价还差 14.00%

检查比亚迪...
  当前价格: ¥89.32
  目标价格: ¥60-70
  距离目标价还差 27.00%

监控完成。
[2026-03-20 14:45:01] === 定时提醒触发 ===
[2026-03-20 14:45:01] 时间: 2026-03-20 14:45:01
[2026-03-20 14:45:01] 触发类型: 收盘前分析
[2026-03-20 14:45:01] --- 持仓股票实时价格 ---
[2026-03-20 14:45:01] 迈瑞医疗(300760): ¥169.780
[2026-03-20 14:45:01] 全志科技(300458): ¥36.130
[2026-03-20 14:45:01] 比亚迪(002594): ¥103.270
[2026-03-20 14:45:01] 潮宏基(002345): ¥10.100
[2026-03-20 14:45:01] 招商银行(600036): ¥39.720
[2026-03-20 14:45:01] --- 价格获取完成 ---
[2026-03-20 14:45:01] === 关键提醒 ===
[2026-03-20 14:45:01] 🔴 全志科技(¥36.130)已进入加仓区间（¥35-38）\n🟡 迈瑞医疗(¥169.780)已进入加仓区间（¥160-175）\n⚠️ 潮宏基(¥10.100)接近止损线（¥10），考虑止损\n
[2026-03-20 14:45:01] 提醒已记录到: /home/yi5an/.openclaw/workspace-valueanalyzer/.stock-alert-pending
[2026-03-20 14:45:01] ValueAnalyzer将在下次响应时发送Telegram消息
[2026-03-20 14:45:01] 
=== 股价监控 2026-03-20 15:00:01 ===
检查宁德时代...
  当前价格: ¥342.01
  目标价格: ¥280-300
  距离目标价还差 14.00%

检查比亚迪...
  当前价格: ¥89.32
  目标价格: ¥60-70
  距离目标价还差 27.00%

监控完成。
=== 股价监控 2026-03-20 16:00:01 ===
检查宁德时代...
  当前价格: ¥342.01
  目标价格: ¥280-300
  距离目标价还差 14.00%

检查比亚迪...
  当前价格: ¥89.32
  目标价格: ¥60-70
  距离目标价还差 27.00%

监控完成。
=== 股价监控 2026-03-20 17:00:01 ===
检查宁德时代...
  当前价格: ¥342.01
  目标价格: ¥280-300
  距离目标价还差 14.00%

检查比亚迪...
  当前价格: ¥89.32
  目标价格: ¥60-70
  距离目标价还差 27.00%

监控完成。
=== 股价监控 2026-03-20 18:00:01 ===
检查宁德时代...
  当前价格: ¥342.01
  目标价格: ¥280-300
  距离目标价还差 14.00%

检查比亚迪...
  当前价格: ¥89.32
  目标价格: ¥60-70
  距离目标价还差 27.00%

监控完成。
=== 股价监控 2026-03-20 19:00:01 ===
检查宁德时代...
  当前价格: ¥342.01
  目标价格: ¥280-300
  距离目标价还差 14.00%

检查比亚迪...
  当前价格: ¥89.32
  目标价格: ¥60-70
  距离目标价还差 27.00%

监控完成。
=== 股价监控 2026-03-20 20:00:01 ===
检查宁德时代...
  当前价格: ¥342.01
  目标价格: ¥280-300
  距离目标价还差 14.00%

检查比亚迪...
  当前价格: ¥89.32
  目标价格: ¥60-70
  距离目标价还差 27.00%

监控完成。
=== 股价监控 2026-03-20 21:00:01 ===
检查宁德时代...
  当前价格: ¥342.01
  目标价格: ¥280-300
  距离目标价还差 14.00%

检查比亚迪...
  当前价格: ¥89.32
  目标价格: ¥60-70
  距离目标价还差 27.00%

监控完成。
=== 股价监控 2026-03-20 22:00:01 ===
检查宁德时代...
  当前价格: ¥342.01
  目标价格: ¥280-300
  距离目标价还差 14.00%

检查比亚迪...
  当前价格: ¥89.32
  目标价格: ¥60-70
  距离目标价还差 27.00%

监控完成。
=== 股价监控 2026-03-20 23:00:01 ===
检查宁德时代...
  当前价格: ¥342.01
  目标价格: ¥280-300
  距离目标价还差 14.00%

检查比亚迪...
  当前价格: ¥89.32
  目标价格: ¥60-70
  距离目标价还差 27.00%

监控完成。
=== 股价监控 2026-03-23 00:00:01 ===
检查宁德时代...
  当前价格: ¥342.01
  目标价格: ¥280-300
  距离目标价还差 14.00%

检查比亚迪...
  当前价格: ¥89.32
  目标价格: ¥60-70
  距离目标价还差 27.00%

监控完成。
=== 股价监控 2026-03-23 01:00:01 ===
检查宁德时代...
  当前价格: ¥342.01
  目标价格: ¥280-300
  距离目标价还差 14.00%

检查比亚迪...
  当前价格: ¥89.32
  目标价格: ¥60-70
  距离目标价还差 27.00%

监控完成。
=== 股价监控 2026-03-23 02:00:01 ===
检查宁德时代...
  当前价格: ¥342.01
  目标价格: ¥280-300
  距离目标价还差 14.00%

检查比亚迪...
  当前价格: ¥89.32
  目标价格: ¥60-70
  距离目标价还差 27.00%

监控完成。
=== 股价监控 2026-03-23 03:00:01 ===
检查宁德时代...
  当前价格: ¥342.01
  目标价格: ¥280-300
  距离目标价还差 14.00%

检查比亚迪...
  当前价格: ¥89.32
  目标价格: ¥60-70
  距离目标价还差 27.00%

监控完成。
=== 股价监控 2026-03-23 04:00:01 ===
检查宁德时代...
  当前价格: ¥342.01
  目标价格: ¥280-300
  距离目标价还差 14.00%

检查比亚迪...
  当前价格: ¥89.32
  目标价格: ¥60-70
  距离目标价还差 27.00%

监控完成。
=== 股价监控 2026-03-23 05:00:01 ===
检查宁德时代...
  当前价格: ¥342.01
  目标价格: ¥280-300
  距离目标价还差 14.00%

检查比亚迪...
  当前价格: ¥89.32
  目标价格: ¥60-70
  距离目标价还差 27.00%

监控完成。
=== 股价监控 2026-03-23 06:00:01 ===
检查宁德时代...
  当前价格: ¥342.01
  目标价格: ¥280-300
  距离目标价还差 14.00%

检查比亚迪...
  当前价格: ¥89.32
  目标价格: ¥60-70
  距离目标价还差 27.00%

监控完成。
=== 股价监控 2026-03-23 07:00:01 ===
检查宁德时代...
  当前价格: ¥342.01
  目标价格: ¥280-300
  距离目标价还差 14.00%

检查比亚迪...
  当前价格: ¥89.32
  目标价格: ¥60-70
  距离目标价还差 27.00%

监控完成。
=== 股价监控 2026-03-23 08:00:01 ===
检查宁德时代...
  当前价格: ¥342.01
  目标价格: ¥280-300
  距离目标价还差 14.00%

检查比亚迪...
  当前价格: ¥89.32
  目标价格: ¥60-70
  距离目标价还差 27.00%

监控完成。
=== 股价监控 2026-03-23 09:00:01 ===
检查宁德时代...
  当前价格: ¥342.01
  目标价格: ¥280-300
  距离目标价还差 14.00%

检查比亚迪...
  当前价格: ¥89.32
  目标价格: ¥60-70
  距离目标价还差 27.00%

监控完成。
[2026-03-23 09:15:01] === 定时提醒触发 ===
[2026-03-23 09:15:01] 时间: 2026-03-23 09:15:01
=== 股价监控 2026-03-23 10:00:01 ===
检查宁德时代...
  当前价格: ¥342.01
  目标价格: ¥280-300
  距离目标价还差 14.00%

检查比亚迪...
  当前价格: ¥89.32
  目标价格: ¥60-70
  距离目标价还差 27.00%

监控完成。
=== 股价监控 2026-03-23 11:00:01 ===
检查宁德时代...
  当前价格: ¥342.01
  目标价格: ¥280-300
  距离目标价还差 14.00%

检查比亚迪...
  当前价格: ¥89.32
  目标价格: ¥60-70
  距离目标价还差 27.00%

监控完成。
=== 股价监控 2026-03-23 12:00:01 ===
检查宁德时代...
  当前价格: ¥342.01
  目标价格: ¥280-300
  距离目标价还差 14.00%

检查比亚迪...
  当前价格: ¥89.32
  目标价格: ¥60-70
  距离目标价还差 27.00%

监控完成。
=== 股价监控 2026-03-23 13:00:01 ===
检查宁德时代...
  当前价格: ¥342.01
  目标价格: ¥280-300
  距离目标价还差 14.00%

检查比亚迪...
  当前价格: ¥89.32
  目标价格: ¥60-70
  距离目标价还差 27.00%

监控完成。
=== 股价监控 2026-03-23 14:00:01 ===
检查宁德时代...
  当前价格: ¥342.01
  目标价格: ¥280-300
  距离目标价还差 14.00%

检查比亚迪...
  当前价格: ¥89.32
  目标价格: ¥60-70
  距离目标价还差 27.00%

监控完成。
[2026-03-23 14:45:01] === 定时提醒触发 ===
[2026-03-23 14:45:01] 时间: 2026-03-23 14:45:01
[2026-03-23 14:45:01] 触发类型: 收盘前分析
[2026-03-23 14:45:01] --- 持仓股票实时价格 ---
[2026-03-23 14:45:01] 迈瑞医疗(300760): ¥165.270
[2026-03-23 14:45:01] 全志科技(300458): ¥35.940
[2026-03-23 14:45:01] 比亚迪(002594): ¥107.550
[2026-03-23 14:45:01] 潮宏基(002345): ¥9.420
[2026-03-23 14:45:01] 招商银行(600036): ¥38.590
[2026-03-23 14:45:01] --- 价格获取完成 ---
[2026-03-23 14:45:01] === 关键提醒 ===
[2026-03-23 14:45:01] 🔴 全志科技(¥35.940)已进入加仓区间（¥35-38）\n🟡 迈瑞医疗(¥165.270)已进入加仓区间（¥160-175）\n⚠️ 潮宏基(¥9.420)接近止损线（¥10），考虑止损\n✅ 比亚迪(¥107.550)接近减仓位（¥105+），可减仓200股\n
[2026-03-23 14:45:01] 提醒已记录到: /home/yi5an/.openclaw/workspace-valueanalyzer/.stock-alert-pending
[2026-03-23 14:45:01] ValueAnalyzer将在下次响应时发送Telegram消息
[2026-03-23 14:45:01] 
=== 股价监控 2026-03-23 15:00:01 ===
检查宁德时代...
  当前价格: ¥342.01
  目标价格: ¥280-300
  距离目标价还差 14.00%

检查比亚迪...
  当前价格: ¥89.32
  目标价格: ¥60-70
  距离目标价还差 27.00%

监控完成。
=== 股价监控 2026-03-23 16:00:01 ===
检查宁德时代...
  当前价格: ¥342.01
  目标价格: ¥280-300
  距离目标价还差 14.00%

检查比亚迪...
  当前价格: ¥89.32
  目标价格: ¥60-70
  距离目标价还差 27.00%

监控完成。
=== 股价监控 2026-03-23 17:00:01 ===
检查宁德时代...
  当前价格: ¥342.01
  目标价格: ¥280-300
  距离目标价还差 14.00%

检查比亚迪...
  当前价格: ¥89.32
  目标价格: ¥60-70
  距离目标价还差 27.00%

监控完成。
=== 股价监控 2026-03-23 18:00:01 ===
检查宁德时代...
  当前价格: ¥342.01
  目标价格: ¥280-300
  距离目标价还差 14.00%

检查比亚迪...
  当前价格: ¥89.32
  目标价格: ¥60-70
  距离目标价还差 27.00%

监控完成。
=== 股价监控 2026-03-23 19:00:01 ===
检查宁德时代...
  当前价格: ¥342.01
  目标价格: ¥280-300
  距离目标价还差 14.00%

检查比亚迪...
  当前价格: ¥89.32
  目标价格: ¥60-70
  距离目标价还差 27.00%

监控完成。
=== 股价监控 2026-03-23 20:00:01 ===
检查宁德时代...
  当前价格: ¥342.01
  目标价格: ¥280-300
  距离目标价还差 14.00%

检查比亚迪...
  当前价格: ¥89.32
  目标价格: ¥60-70
  距离目标价还差 27.00%

监控完成。
=== 股价监控 2026-03-23 21:00:01 ===
检查宁德时代...
  当前价格: ¥342.01
  目标价格: ¥280-300
  距离目标价还差 14.00%

检查比亚迪...
  当前价格: ¥89.32
  目标价格: ¥60-70
  距离目标价还差 27.00%

监控完成。
=== 股价监控 2026-03-23 22:00:01 ===
检查宁德时代...
  当前价格: ¥342.01
  目标价格: ¥280-300
  距离目标价还差 14.00%

检查比亚迪...
  当前价格: ¥89.32
  目标价格: ¥60-70
  距离目标价还差 27.00%

监控完成。
=== 股价监控 2026-03-23 23:00:01 ===
检查宁德时代...
  当前价格: ¥342.01
  目标价格: ¥280-300
  距离目标价还差 14.00%

检查比亚迪...
  当前价格: ¥89.32
  目标价格: ¥60-70
  距离目标价还差 27.00%

监控完成。
=== 股价监控 2026-03-24 00:00:01 ===
检查宁德时代...
  当前价格: ¥342.01
  目标价格: ¥280-300
  距离目标价还差 14.00%

检查比亚迪...
  当前价格: ¥89.32
  目标价格: ¥60-70
  距离目标价还差 27.00%

监控完成。
=== 股价监控 2026-03-24 01:00:01 ===
检查宁德时代...
  当前价格: ¥342.01
  目标价格: ¥280-300
  距离目标价还差 14.00%

检查比亚迪...
  当前价格: ¥89.32
  目标价格: ¥60-70
  距离目标价还差 27.00%

监控完成。
=== 股价监控 2026-03-24 02:00:01 ===
检查宁德时代...
  当前价格: ¥342.01
  目标价格: ¥280-300
  距离目标价还差 14.00%

检查比亚迪...
  当前价格: ¥89.32
  目标价格: ¥60-70
  距离目标价还差 27.00%

监控完成。
=== 股价监控 2026-03-24 03:00:01 ===
检查宁德时代...
  当前价格: ¥342.01
  目标价格: ¥280-300
  距离目标价还差 14.00%

检查比亚迪...
  当前价格: ¥89.32
  目标价格: ¥60-70
  距离目标价还差 27.00%

监控完成。
=== 股价监控 2026-03-24 04:00:01 ===
检查宁德时代...
  当前价格: ¥342.01
  目标价格: ¥280-300
  距离目标价还差 14.00%

检查比亚迪...
  当前价格: ¥89.32
  目标价格: ¥60-70
  距离目标价还差 27.00%

监控完成。
=== 股价监控 2026-03-24 05:00:01 ===
检查宁德时代...
  当前价格: ¥342.01
  目标价格: ¥280-300
  距离目标价还差 14.00%

检查比亚迪...
  当前价格: ¥89.32
  目标价格: ¥60-70
  距离目标价还差 27.00%

监控完成。
=== 股价监控 2026-03-24 06:00:01 ===
检查宁德时代...
  当前价格: ¥342.01
  目标价格: ¥280-300
  距离目标价还差 14.00%

检查比亚迪...
  当前价格: ¥89.32
  目标价格: ¥60-70
  距离目标价还差 27.00%

监控完成。
=== 股价监控 2026-03-24 07:00:01 ===
检查宁德时代...
  当前价格: ¥342.01
  目标价格: ¥280-300
  距离目标价还差 14.00%

检查比亚迪...
  当前价格: ¥89.32
  目标价格: ¥60-70
  距离目标价还差 27.00%

监控完成。
=== 股价监控 2026-03-24 08:00:01 ===
检查宁德时代...
  当前价格: ¥342.01
  目标价格: ¥280-300
  距离目标价还差 14.00%

检查比亚迪...
  当前价格: ¥89.32
  目标价格: ¥60-70
  距离目标价还差 27.00%

监控完成。
=== 股价监控 2026-03-24 09:00:01 ===
检查宁德时代...
  当前价格: ¥342.01
  目标价格: ¥280-300
  距离目标价还差 14.00%

检查比亚迪...
  当前价格: ¥89.32
  目标价格: ¥60-70
  距离目标价还差 27.00%

监控完成。
[2026-03-24 09:15:01] === 定时提醒触发 ===
[2026-03-24 09:15:01] 时间: 2026-03-24 09:15:01
2026-03-24 09:42:00|测试推送|这是一条测试消息，验证主动推送功能
[2026-03-24 09:44:12] === 定时提醒触发 ===
[2026-03-24 09:44:12] 时间: 2026-03-24 09:44:12
[2026-03-24 09:44:40] === 定时提醒触发 ===
[2026-03-24 09:44:40] 时间: 2026-03-24 09:44:40
[2026-03-24 09:44:40] 触发类型: 定时检查
[2026-03-24 09:44:40] --- 持仓股票实时价格 ---
[2026-03-24 09:44:40] 迈瑞医疗(300760): ¥165.710
[2026-03-24 09:44:40] 全志科技(300458): ¥35.460
[2026-03-24 09:44:40] 比亚迪(002594): ¥105.090
[2026-03-24 09:44:40] 潮宏基(002345): ¥9.720
[2026-03-24 09:44:40] 招商银行(600036): ¥38.920
[2026-03-24 09:44:40] --- 价格获取完成 ---
[2026-03-24 09:44:40] === 关键提醒 ===
[2026-03-24 09:44:40] 🔴 全志科技(¥35.460)已进入加仓区间（¥35-38）\n🟡 迈瑞医疗(¥165.710)已进入加仓区间（¥160-175）\n⚠️ 潮宏基(¥9.720)接近止损线（¥10），考虑止损\n✅ 比亚迪(¥105.090)接近减仓位（¥105+），可减仓200股\n
2026-03-24 09:44:40|定时检查|🔴 全志科技(¥35.460)已进入加仓区间（¥35-38）\n🟡 迈瑞医疗(¥165.710)已进入加仓区间（¥160-175）\n⚠️ 潮宏基(¥9.720)接近止损线（¥10），考虑止损\n✅ 比亚迪(¥105.090)接近减仓位（¥105+），可减仓200股\n
[2026-03-24 09:44:40] 提醒已记录到日志: /home/yi5an/.openclaw/workspace-valueanalyzer/stock-alerts.log
[2026-03-24 09:44:40] ValueAnalyzer将在下次响应时检查并发送Telegram消息
[2026-03-24 09:44:40] 
=== 股价监控 2026-03-24 10:00:01 ===
检查宁德时代...
  当前价格: ¥342.01
  目标价格: ¥280-300
  距离目标价还差 14.00%

检查比亚迪...
  当前价格: ¥89.32
  目标价格: ¥60-70
  距离目标价还差 27.00%

监控完成。
=== 股价监控 2026-03-24 11:00:01 ===
检查宁德时代...
  当前价格: ¥342.01
  目标价格: ¥280-300
  距离目标价还差 14.00%

检查比亚迪...
  当前价格: ¥89.32
  目标价格: ¥60-70
  距离目标价还差 27.00%

监控完成。
=== 股价监控 2026-03-24 12:00:01 ===
检查宁德时代...
  当前价格: ¥342.01
  目标价格: ¥280-300
  距离目标价还差 14.00%

检查比亚迪...
  当前价格: ¥89.32
  目标价格: ¥60-70
  距离目标价还差 27.00%

监控完成。
=== 股价监控 2026-03-24 13:00:01 ===
检查宁德时代...
  当前价格: ¥342.01
  目标价格: ¥280-300
  距离目标价还差 14.00%

检查比亚迪...
  当前价格: ¥89.32
  目标价格: ¥60-70
  距离目标价还差 27.00%

监控完成。
=== 股价监控 2026-03-24 14:00:01 ===
检查宁德时代...
  当前价格: ¥342.01
  目标价格: ¥280-300
  距离目标价还差 14.00%

检查比亚迪...
  当前价格: ¥89.32
  目标价格: ¥60-70
  距离目标价还差 27.00%

监控完成。
[2026-03-24 14:45:01] === 定时提醒触发 ===
[2026-03-24 14:45:01] 时间: 2026-03-24 14:45:01
[2026-03-24 14:45:01] 触发类型: 收盘前分析
[2026-03-24 14:45:01] --- 持仓股票实时价格 ---
[2026-03-24 14:45:01] 迈瑞医疗(300760): ¥166.370
[2026-03-24 14:45:01] 全志科技(300458): ¥36.030
[2026-03-24 14:45:01] 比亚迪(002594): ¥106.520
[2026-03-24 14:45:01] 潮宏基(002345): ¥10.280
[2026-03-24 14:45:01] 招商银行(600036): ¥39.220
[2026-03-24 14:45:01] --- 价格获取完成 ---
[2026-03-24 14:45:01] === 关键提醒 ===
[2026-03-24 14:45:01] 🔴 全志科技(¥36.030)已进入加仓区间（¥35-38）\n🟡 迈瑞医疗(¥166.370)已进入加仓区间（¥160-175）\n⚠️ 潮宏基(¥10.280)接近止损线（¥10），考虑止损\n✅ 比亚迪(¥106.520)接近减仓位（¥105+），可减仓200股\n
2026-03-24 14:45:01|收盘前分析|🔴 全志科技(¥36.030)已进入加仓区间（¥35-38）\n🟡 迈瑞医疗(¥166.370)已进入加仓区间（¥160-175）\n⚠️ 潮宏基(¥10.280)接近止损线（¥10），考虑止损\n✅ 比亚迪(¥106.520)接近减仓位（¥105+），可减仓200股\n
[2026-03-24 14:45:01] 提醒已记录到日志: /home/yi5an/.openclaw/workspace/projects/valuegraph/stock-alerts.log
[2026-03-24 14:45:01] ValueAnalyzer将在下次响应时检查并发送Telegram消息
[2026-03-24 14:45:01] 
=== 股价监控 2026-03-24 15:00:01 ===
检查宁德时代...
  当前价格: ¥342.01
  目标价格: ¥280-300
  距离目标价还差 14.00%

检查比亚迪...
  当前价格: ¥89.32
  目标价格: ¥60-70
  距离目标价还差 27.00%

监控完成。
=== 股价监控 2026-03-24 16:00:01 ===
检查宁德时代...
  当前价格: ¥342.01
  目标价格: ¥280-300
  距离目标价还差 14.00%

检查比亚迪...
  当前价格: ¥89.32
  目标价格: ¥60-70
  距离目标价还差 27.00%

监控完成。
=== 股价监控 2026-03-24 17:00:01 ===
检查宁德时代...
  当前价格: ¥342.01
  目标价格: ¥280-300
  距离目标价还差 14.00%

检查比亚迪...
  当前价格: ¥89.32
  目标价格: ¥60-70
  距离目标价还差 27.00%

监控完成。
=== 股价监控 2026-03-24 18:00:01 ===
检查宁德时代...
  当前价格: ¥342.01
  目标价格: ¥280-300
  距离目标价还差 14.00%

检查比亚迪...
  当前价格: ¥89.32
  目标价格: ¥60-70
  距离目标价还差 27.00%

监控完成。
=== 股价监控 2026-03-24 19:00:01 ===
检查宁德时代...
  当前价格: ¥342.01
  目标价格: ¥280-300
  距离目标价还差 14.00%

检查比亚迪...
  当前价格: ¥89.32
  目标价格: ¥60-70
  距离目标价还差 27.00%

监控完成。
=== 股价监控 2026-03-24 20:00:01 ===
检查宁德时代...
  当前价格: ¥342.01
  目标价格: ¥280-300
  距离目标价还差 14.00%

检查比亚迪...
  当前价格: ¥89.32
  目标价格: ¥60-70
  距离目标价还差 27.00%

监控完成。
=== 股价监控 2026-03-24 21:00:01 ===
检查宁德时代...
  当前价格: ¥342.01
  目标价格: ¥280-300
  距离目标价还差 14.00%

检查比亚迪...
  当前价格: ¥89.32
  目标价格: ¥60-70
  距离目标价还差 27.00%

监控完成。
=== 股价监控 2026-03-24 22:00:01 ===
检查宁德时代...
  当前价格: ¥342.01
  目标价格: ¥280-300
  距离目标价还差 14.00%

检查比亚迪...
  当前价格: ¥89.32
  目标价格: ¥60-70
  距离目标价还差 27.00%

监控完成。
=== 股价监控 2026-03-24 23:00:01 ===
检查宁德时代...
  当前价格: ¥342.01
  目标价格: ¥280-300
  距离目标价还差 14.00%

检查比亚迪...
  当前价格: ¥89.32
  目标价格: ¥60-70
  距离目标价还差 27.00%

监控完成。
=== 股价监控 2026-03-25 00:00:01 ===
检查宁德时代...
  当前价格: ¥342.01
  目标价格: ¥280-300
  距离目标价还差 14.00%

检查比亚迪...
  当前价格: ¥89.32
  目标价格: ¥60-70
  距离目标价还差 27.00%

监控完成。
=== 股价监控 2026-03-25 01:00:01 ===
检查宁德时代...
  当前价格: ¥342.01
  目标价格: ¥280-300
  距离目标价还差 14.00%

检查比亚迪...
  当前价格: ¥89.32
  目标价格: ¥60-70
  距离目标价还差 27.00%

监控完成。
=== 股价监控 2026-03-25 02:00:01 ===
检查宁德时代...
  当前价格: ¥342.01
  目标价格: ¥280-300
  距离目标价还差 14.00%

检查比亚迪...
  当前价格: ¥89.32
  目标价格: ¥60-70
  距离目标价还差 27.00%

监控完成。
=== 股价监控 2026-03-25 03:00:01 ===
检查宁德时代...
  当前价格: ¥342.01
  目标价格: ¥280-300
  距离目标价还差 14.00%

检查比亚迪...
  当前价格: ¥89.32
  目标价格: ¥60-70
  距离目标价还差 27.00%

监控完成。
=== 股价监控 2026-03-25 04:00:01 ===
检查宁德时代...
  当前价格: ¥342.01
  目标价格: ¥280-300
  距离目标价还差 14.00%

检查比亚迪...
  当前价格: ¥89.32
  目标价格: ¥60-70
  距离目标价还差 27.00%

监控完成。
=== 股价监控 2026-03-25 05:00:01 ===
检查宁德时代...
  当前价格: ¥342.01
  目标价格: ¥280-300
  距离目标价还差 14.00%

检查比亚迪...
  当前价格: ¥89.32
  目标价格: ¥60-70
  距离目标价还差 27.00%

监控完成。
=== 股价监控 2026-03-25 06:00:01 ===
检查宁德时代...
  当前价格: ¥342.01
  目标价格: ¥280-300
  距离目标价还差 14.00%

检查比亚迪...
  当前价格: ¥89.32
  目标价格: ¥60-70
  距离目标价还差 27.00%

监控完成。
=== 股价监控 2026-03-25 07:00:01 ===
检查宁德时代...
  当前价格: ¥342.01
  目标价格: ¥280-300
  距离目标价还差 14.00%

检查比亚迪...
  当前价格: ¥89.32
  目标价格: ¥60-70
  距离目标价还差 27.00%

监控完成。
=== 股价监控 2026-03-25 08:00:01 ===
检查宁德时代...
  当前价格: ¥342.01
  目标价格: ¥280-300
  距离目标价还差 14.00%

检查比亚迪...
  当前价格: ¥89.32
  目标价格: ¥60-70
  距离目标价还差 27.00%

监控完成。
=== 股价监控 2026-03-25 09:00:01 ===
检查宁德时代...
  当前价格: ¥342.01
  目标价格: ¥280-300
  距离目标价还差 14.00%

检查比亚迪...
  当前价格: ¥89.32
  目标价格: ¥60-70
  距离目标价还差 27.00%

监控完成。
=== 股价监控 2026-03-25 10:00:01 ===
检查宁德时代...
  当前价格: ¥342.01
  目标价格: ¥280-300
  距离目标价还差 14.00%

检查比亚迪...
  当前价格: ¥89.32
  目标价格: ¥60-70
  距离目标价还差 27.00%

监控完成。
=== 股价监控 2026-03-25 11:00:01 ===
检查宁德时代...
  当前价格: ¥342.01
  目标价格: ¥280-300
  距离目标价还差 14.00%

检查比亚迪...
  当前价格: ¥89.32
  目标价格: ¥60-70
  距离目标价还差 27.00%

监控完成。
=== 股价监控 2026-03-25 12:00:01 ===
检查宁德时代...
  当前价格: ¥342.01
  目标价格: ¥280-300
  距离目标价还差 14.00%

检查比亚迪...
  当前价格: ¥89.32
  目标价格: ¥60-70
  距离目标价还差 27.00%

监控完成。
=== 股价监控 2026-03-25 13:00:01 ===
检查宁德时代...
  当前价格: ¥342.01
  目标价格: ¥280-300
  距离目标价还差 14.00%

检查比亚迪...
  当前价格: ¥89.32
  目标价格: ¥60-70
  距离目标价还差 27.00%

监控完成。
=== 股价监控 2026-03-25 14:00:01 ===
检查宁德时代...
  当前价格: ¥342.01
  目标价格: ¥280-300
  距离目标价还差 14.00%

检查比亚迪...
  当前价格: ¥89.32
  目标价格: ¥60-70
  距离目标价还差 27.00%

监控完成。
=== 股价监控 2026-03-25 15:00:01 ===
检查宁德时代...
  当前价格: ¥342.01
  目标价格: ¥280-300
  距离目标价还差 14.00%

检查比亚迪...
  当前价格: ¥89.32
  目标价格: ¥60-70
  距离目标价还差 27.00%

监控完成。
=== 股价监控 2026-03-25 16:00:01 ===
检查宁德时代...
  当前价格: ¥342.01
  目标价格: ¥280-300
  距离目标价还差 14.00%

检查比亚迪...
  当前价格: ¥89.32
  目标价格: ¥60-70
  距离目标价还差 27.00%

监控完成。
=== 股价监控 2026-03-25 17:00:01 ===
检查宁德时代...
  当前价格: ¥342.01
  目标价格: ¥280-300
  距离目标价还差 14.00%

检查比亚迪...
  当前价格: ¥89.32
  目标价格: ¥60-70
  距离目标价还差 27.00%

监控完成。
=== 股价监控 2026-03-25 18:00:01 ===
检查宁德时代...
  当前价格: ¥342.01
  目标价格: ¥280-300
  距离目标价还差 14.00%

检查比亚迪...
  当前价格: ¥89.32
  目标价格: ¥60-70
  距离目标价还差 27.00%

监控完成。
=== 股价监控 2026-03-25 19:00:01 ===
检查宁德时代...
  当前价格: ¥342.01
  目标价格: ¥280-300
  距离目标价还差 14.00%

检查比亚迪...
  当前价格: ¥89.32
  目标价格: ¥60-70
  距离目标价还差 27.00%

监控完成。
=== 股价监控 2026-03-25 20:00:01 ===
检查宁德时代...
  当前价格: ¥342.01
  目标价格: ¥280-300
  距离目标价还差 14.00%

检查比亚迪...
  当前价格: ¥89.32
  目标价格: ¥60-70
  距离目标价还差 27.00%

监控完成。
=== 股价监控 2026-03-25 21:00:01 ===
检查宁德时代...
  当前价格: ¥342.01
  目标价格: ¥280-300
  距离目标价还差 14.00%

检查比亚迪...
  当前价格: ¥89.32
  目标价格: ¥60-70
  距离目标价还差 27.00%

监控完成。
=== 股价监控 2026-03-25 22:00:01 ===
检查宁德时代...
  当前价格: ¥342.01
  目标价格: ¥280-300
  距离目标价还差 14.00%

检查比亚迪...
  当前价格: ¥89.32
  目标价格: ¥60-70
  距离目标价还差 27.00%

监控完成。
=== 股价监控 2026-03-25 23:00:01 ===
检查宁德时代...
  当前价格: ¥342.01
  目标价格: ¥280-300
  距离目标价还差 14.00%

检查比亚迪...
  当前价格: ¥89.32
  目标价格: ¥60-70
  距离目标价还差 27.00%

监控完成。
=== 股价监控 2026-03-26 00:00:01 ===
检查宁德时代...
  当前价格: ¥342.01
  目标价格: ¥280-300
  距离目标价还差 14.00%

检查比亚迪...
  当前价格: ¥89.32
  目标价格: ¥60-70
  距离目标价还差 27.00%

监控完成。
=== 股价监控 2026-03-26 01:00:01 ===
检查宁德时代...
  当前价格: ¥342.01
  目标价格: ¥280-300
  距离目标价还差 14.00%

检查比亚迪...
  当前价格: ¥89.32
  目标价格: ¥60-70
  距离目标价还差 27.00%

监控完成。
=== 股价监控 2026-03-26 02:00:01 ===
检查宁德时代...
  当前价格: ¥342.01
  目标价格: ¥280-300
  距离目标价还差 14.00%

检查比亚迪...
  当前价格: ¥89.32
  目标价格: ¥60-70
  距离目标价还差 27.00%

监控完成。
=== 股价监控 2026-03-26 03:00:02 ===
检查宁德时代...
  当前价格: ¥342.01
  目标价格: ¥280-300
  距离目标价还差 14.00%

检查比亚迪...
  当前价格: ¥89.32
  目标价格: ¥60-70
  距离目标价还差 27.00%

监控完成。
=== 股价监控 2026-03-26 04:00:01 ===
检查宁德时代...
  当前价格: ¥342.01
  目标价格: ¥280-300
  距离目标价还差 14.00%

检查比亚迪...
  当前价格: ¥89.32
  目标价格: ¥60-70
  距离目标价还差 27.00%

监控完成。
=== 股价监控 2026-03-26 05:00:01 ===
检查宁德时代...
  当前价格: ¥342.01
  目标价格: ¥280-300
  距离目标价还差 14.00%

检查比亚迪...
  当前价格: ¥89.32
  目标价格: ¥60-70
  距离目标价还差 27.00%

监控完成。
=== 股价监控 2026-03-26 06:00:01 ===
检查宁德时代...
  当前价格: ¥342.01
  目标价格: ¥280-300
  距离目标价还差 14.00%

检查比亚迪...
  当前价格: ¥89.32
  目标价格: ¥60-70
  距离目标价还差 27.00%

监控完成。
=== 股价监控 2026-03-26 07:00:01 ===
检查宁德时代...
  当前价格: ¥342.01
  目标价格: ¥280-300
  距离目标价还差 14.00%

检查比亚迪...
  当前价格: ¥89.32
  目标价格: ¥60-70
  距离目标价还差 27.00%

监控完成。
=== 股价监控 2026-03-26 08:00:01 ===
检查宁德时代...
  当前价格: ¥342.01
  目标价格: ¥280-300
  距离目标价还差 14.00%

检查比亚迪...
  当前价格: ¥89.32
  目标价格: ¥60-70
  距离目标价还差 27.00%

监控完成。
=== 股价监控 2026-03-26 09:00:01 ===
检查宁德时代...
  当前价格: ¥342.01
  目标价格: ¥280-300
  距离目标价还差 14.00%

检查比亚迪...
  当前价格: ¥89.32
  目标价格: ¥60-70
  距离目标价还差 27.00%

监控完成。
=== 股价监控 2026-03-26 10:00:01 ===
检查宁德时代...
  当前价格: ¥342.01
  目标价格: ¥280-300
  距离目标价还差 14.00%

检查比亚迪...
  当前价格: ¥89.32
  目标价格: ¥60-70
  距离目标价还差 27.00%

监控完成。
