=== 股价监控 2026-02-27 19:00:01 ===
检查宁德时代...
  当前价格: ¥342.01
  目标价格: ¥280-300
  距离目标价还差 14.00%

检查比亚迪...
  当前价格: ¥89.32
  目标价格: ¥60-70
  距离目标价还差 27.00%

监控完成。
=== 股价监控 2026-02-27 20:00:01 ===
检查宁德时代...
  当前价格: ¥342.01
  目标价格: ¥280-300
  距离目标价还差 14.00%

检查比亚迪...
  当前价格: ¥89.32
  目标价格: ¥60-70
  距离目标价还差 27.00%

监控完成。
=== 股价监控 2026-02-27 21:00:01 ===
检查宁德时代...
  当前价格: ¥342.01
  目标价格: ¥280-300
  距离目标价还差 14.00%

检查比亚迪...
  当前价格: ¥89.32
  目标价格: ¥60-70
  距离目标价还差 27.00%

监控完成。
=== 股价监控 2026-02-27 22:00:01 ===
检查宁德时代...
  当前价格: ¥342.01
  目标价格: ¥280-300
  距离目标价还差 14.00%

检查比亚迪...
  当前价格: ¥89.32
  目标价格: ¥60-70
  距离目标价还差 27.00%

监控完成。
=== 股价监控 2026-02-27 23:00:01 ===
检查宁德时代...
  当前价格: ¥342.01
  目标价格: ¥280-300
  距离目标价还差 14.00%

检查比亚迪...
  当前价格: ¥89.32
  目标价格: ¥60-70
  距离目标价还差 27.00%

监控完成。
=== 股价监控 2026-03-02 00:00:01 ===
检查宁德时代...
  当前价格: ¥342.01
  目标价格: ¥280-300
  距离目标价还差 14.00%

检查比亚迪...
  当前价格: ¥89.32
  目标价格: ¥60-70
  距离目标价还差 27.00%

监控完成。
=== 股价监控 2026-03-02 01:00:01 ===
检查宁德时代...
  当前价格: ¥342.01
  目标价格: ¥280-300
  距离目标价还差 14.00%

检查比亚迪...
  当前价格: ¥89.32
  目标价格: ¥60-70
  距离目标价还差 27.00%

监控完成。
=== 股价监控 2026-03-02 02:00:01 ===
检查宁德时代...
  当前价格: ¥342.01
  目标价格: ¥280-300
  距离目标价还差 14.00%

检查比亚迪...
  当前价格: ¥89.32
  目标价格: ¥60-70
  距离目标价还差 27.00%

监控完成。
=== 股价监控 2026-03-02 03:00:01 ===
检查宁德时代...
  当前价格: ¥342.01
  目标价格: ¥280-300
  距离目标价还差 14.00%

检查比亚迪...
  当前价格: ¥89.32
  目标价格: ¥60-70
  距离目标价还差 27.00%

监控完成。
=== 股价监控 2026-03-02 04:00:01 ===
检查宁德时代...
  当前价格: ¥342.01
  目标价格: ¥280-300
  距离目标价还差 14.00%

检查比亚迪...
  当前价格: ¥89.32
  目标价格: ¥60-70
  距离目标价还差 27.00%

监控完成。
=== 股价监控 2026-03-02 05:00:01 ===
检查宁德时代...
  当前价格: ¥342.01
  目标价格: ¥280-300
  距离目标价还差 14.00%

检查比亚迪...
  当前价格: ¥89.32
  目标价格: ¥60-70
  距离目标价还差 27.00%

监控完成。
=== 股价监控 2026-03-02 06:00:01 ===
检查宁德时代...
  当前价格: ¥342.01
  目标价格: ¥280-300
  距离目标价还差 14.00%

检查比亚迪...
  当前价格: ¥89.32
  目标价格: ¥60-70
  距离目标价还差 27.00%

监控完成。
=== 股价监控 2026-03-02 07:00:01 ===
检查宁德时代...
  当前价格: ¥342.01
  目标价格: ¥280-300
  距离目标价还差 14.00%

检查比亚迪...
  当前价格: ¥89.32
  目标价格: ¥60-70
  距离目标价还差 27.00%

监控完成。
=== 股价监控 2026-03-02 08:00:01 ===
检查宁德时代...
  当前价格: ¥342.01
  目标价格: ¥280-300
  距离目标价还差 14.00%

检查比亚迪...
  当前价格: ¥89.32
  目标价格: ¥60-70
  距离目标价还差 27.00%

监控完成。
=== 股价监控 2026-03-02 09:00:01 ===
检查宁德时代...
  当前价格: ¥342.01
  目标价格: ¥280-300
  距离目标价还差 14.00%

检查比亚迪...
  当前价格: ¥89.32
  目标价格: ¥60-70
  距离目标价还差 27.00%

监控完成。
=== 股价监控 2026-03-02 10:00:01 ===
检查宁德时代...
  当前价格: ¥342.01
  目标价格: ¥280-300
  距离目标价还差 14.00%

检查比亚迪...
  当前价格: ¥89.32
  目标价格: ¥60-70
  距离目标价还差 27.00%

监控完成。
=== 股价监控 2026-03-02 11:00:01 ===
检查宁德时代...
  当前价格: ¥342.01
  目标价格: ¥280-300
  距离目标价还差 14.00%

检查比亚迪...
  当前价格: ¥89.32
  目标价格: ¥60-70
  距离目标价还差 27.00%

监控完成。
=== 股价监控 2026-03-02 12:00:01 ===
检查宁德时代...
  当前价格: ¥342.01
  目标价格: ¥280-300
  距离目标价还差 14.00%

检查比亚迪...
  当前价格: ¥89.32
  目标价格: ¥60-70
  距离目标价还差 27.00%

监控完成。
=== 股价监控 2026-03-02 13:00:01 ===
检查宁德时代...
  当前价格: ¥342.01
  目标价格: ¥280-300
  距离目标价还差 14.00%

检查比亚迪...
  当前价格: ¥89.32
  目标价格: ¥60-70
  距离目标价还差 27.00%

监控完成。
=== 股价监控 2026-03-02 14:00:01 ===
检查宁德时代...
  当前价格: ¥342.01
  目标价格: ¥280-300
  距离目标价还差 14.00%

检查比亚迪...
  当前价格: ¥89.32
  目标价格: ¥60-70
  距离目标价还差 27.00%

监控完成。
=== 股价监控 2026-03-02 15:00:01 ===
检查宁德时代...
  当前价格: ¥342.01
  目标价格: ¥280-300
  距离目标价还差 14.00%

检查比亚迪...
  当前价格: ¥89.32
  目标价格: ¥60-70
  距离目标价还差 27.00%

监控完成。
=== 股价监控 2026-03-02 16:00:01 ===
检查宁德时代...
  当前价格: ¥342.01
  目标价格: ¥280-300
  距离目标价还差 14.00%

检查比亚迪...
  当前价格: ¥89.32
  目标价格: ¥60-70
  距离目标价还差 27.00%

监控完成。
=== 股价监控 2026-03-02 17:00:01 ===
检查宁德时代...
  当前价格: ¥342.01
  目标价格: ¥280-300
  距离目标价还差 14.00%

检查比亚迪...
  当前价格: ¥89.32
  目标价格: ¥60-70
  距离目标价还差 27.00%

监控完成。
=== 股价监控 2026-03-02 18:00:01 ===
检查宁德时代...
  当前价格: ¥342.01
  目标价格: ¥280-300
  距离目标价还差 14.00%

检查比亚迪...
  当前价格: ¥89.32
  目标价格: ¥60-70
  距离目标价还差 27.00%

监控完成。
=== 股价监控 2026-03-02 19:00:01 ===
检查宁德时代...
  当前价格: ¥342.01
  目标价格: ¥280-300
  距离目标价还差 14.00%

检查比亚迪...
  当前价格: ¥89.32
  目标价格: ¥60-70
  距离目标价还差 27.00%

监控完成。
=== 股价监控 2026-03-02 20:00:01 ===
检查宁德时代...
  当前价格: ¥342.01
  目标价格: ¥280-300
  距离目标价还差 14.00%

检查比亚迪...
  当前价格: ¥89.32
  目标价格: ¥60-70
  距离目标价还差 27.00%

监控完成。
=== 股价监控 2026-03-02 21:00:01 ===
检查宁德时代...
  当前价格: ¥342.01
  目标价格: ¥280-300
  距离目标价还差 14.00%

检查比亚迪...
  当前价格: ¥89.32
  目标价格: ¥60-70
  距离目标价还差 27.00%

监控完成。
=== 股价监控 2026-03-02 22:00:02 ===
检查宁德时代...
  当前价格: ¥342.01
  目标价格: ¥280-300
  距离目标价还差 14.00%

检查比亚迪...
  当前价格: ¥89.32
  目标价格: ¥60-70
  距离目标价还差 27.00%

监控完成。
=== 股价监控 2026-03-02 23:00:01 ===
检查宁德时代...
  当前价格: ¥342.01
  目标价格: ¥280-300
  距离目标价还差 14.00%

检查比亚迪...
  当前价格: ¥89.32
  目标价格: ¥60-70
  距离目标价还差 27.00%

监控完成。
=== 股价监控 2026-03-03 00:00:01 ===
检查宁德时代...
  当前价格: ¥342.01
  目标价格: ¥280-300
  距离目标价还差 14.00%

检查比亚迪...
  当前价格: ¥89.32
  目标价格: ¥60-70
  距离目标价还差 27.00%

监控完成。
=== 股价监控 2026-03-03 01:00:01 ===
检查宁德时代...
  当前价格: ¥342.01
  目标价格: ¥280-300
  距离目标价还差 14.00%

检查比亚迪...
  当前价格: ¥89.32
  目标价格: ¥60-70
  距离目标价还差 27.00%

监控完成。
=== 股价监控 2026-03-03 02:00:01 ===
检查宁德时代...
  当前价格: ¥342.01
  目标价格: ¥280-300
  距离目标价还差 14.00%

检查比亚迪...
  当前价格: ¥89.32
  目标价格: ¥60-70
  距离目标价还差 27.00%

监控完成。
=== 股价监控 2026-03-03 03:00:01 ===
检查宁德时代...
  当前价格: ¥342.01
  目标价格: ¥280-300
  距离目标价还差 14.00%

检查比亚迪...
  当前价格: ¥89.32
  目标价格: ¥60-70
  距离目标价还差 27.00%

监控完成。
=== 股价监控 2026-03-03 04:00:01 ===
检查宁德时代...
  当前价格: ¥342.01
  目标价格: ¥280-300
  距离目标价还差 14.00%

检查比亚迪...
  当前价格: ¥89.32
  目标价格: ¥60-70
  距离目标价还差 27.00%

监控完成。
=== 股价监控 2026-03-03 05:00:01 ===
检查宁德时代...
  当前价格: ¥342.01
  目标价格: ¥280-300
  距离目标价还差 14.00%

检查比亚迪...
  当前价格: ¥89.32
  目标价格: ¥60-70
  距离目标价还差 27.00%

监控完成。
=== 股价监控 2026-03-03 06:00:01 ===
检查宁德时代...
  当前价格: ¥342.01
  目标价格: ¥280-300
  距离目标价还差 14.00%

检查比亚迪...
  当前价格: ¥89.32
  目标价格: ¥60-70
  距离目标价还差 27.00%

监控完成。
=== 股价监控 2026-03-03 07:00:01 ===
检查宁德时代...
  当前价格: ¥342.01
  目标价格: ¥280-300
  距离目标价还差 14.00%

检查比亚迪...
  当前价格: ¥89.32
  目标价格: ¥60-70
  距离目标价还差 27.00%

监控完成。
=== 股价监控 2026-03-03 08:00:01 ===
检查宁德时代...
  当前价格: ¥342.01
  目标价格: ¥280-300
  距离目标价还差 14.00%

检查比亚迪...
  当前价格: ¥89.32
  目标价格: ¥60-70
  距离目标价还差 27.00%

监控完成。
=== 股价监控 2026-03-03 09:00:01 ===
检查宁德时代...
  当前价格: ¥342.01
  目标价格: ¥280-300
  距离目标价还差 14.00%

检查比亚迪...
  当前价格: ¥89.32
  目标价格: ¥60-70
  距离目标价还差 27.00%

监控完成。
=== 股价监控 2026-03-03 10:00:01 ===
检查宁德时代...
  当前价格: ¥342.01
  目标价格: ¥280-300
  距离目标价还差 14.00%

检查比亚迪...
  当前价格: ¥89.32
  目标价格: ¥60-70
  距离目标价还差 27.00%

监控完成。
=== 股价监控 2026-03-03 11:00:01 ===
检查宁德时代...
  当前价格: ¥342.01
  目标价格: ¥280-300
  距离目标价还差 14.00%

检查比亚迪...
  当前价格: ¥89.32
  目标价格: ¥60-70
  距离目标价还差 27.00%

监控完成。
=== 股价监控 2026-03-03 12:00:01 ===
检查宁德时代...
  当前价格: ¥342.01
  目标价格: ¥280-300
  距离目标价还差 14.00%

检查比亚迪...
  当前价格: ¥89.32
  目标价格: ¥60-70
  距离目标价还差 27.00%

监控完成。
=== 股价监控 2026-03-03 13:00:01 ===
检查宁德时代...
  当前价格: ¥342.01
  目标价格: ¥280-300
  距离目标价还差 14.00%

检查比亚迪...
  当前价格: ¥89.32
  目标价格: ¥60-70
  距离目标价还差 27.00%

监控完成。
=== 股价监控 2026-03-03 14:00:01 ===
检查宁德时代...
  当前价格: ¥342.01
  目标价格: ¥280-300
  距离目标价还差 14.00%

检查比亚迪...
  当前价格: ¥89.32
  目标价格: ¥60-70
  距离目标价还差 27.00%

监控完成。
=== 股价监控 2026-03-03 15:00:01 ===
检查宁德时代...
  当前价格: ¥342.01
  目标价格: ¥280-300
  距离目标价还差 14.00%

检查比亚迪...
  当前价格: ¥89.32
  目标价格: ¥60-70
  距离目标价还差 27.00%

监控完成。
=== 股价监控 2026-03-03 16:00:01 ===
检查宁德时代...
  当前价格: ¥342.01
  目标价格: ¥280-300
  距离目标价还差 14.00%

检查比亚迪...
  当前价格: ¥89.32
  目标价格: ¥60-70
  距离目标价还差 27.00%

监控完成。
=== 股价监控 2026-03-03 17:00:01 ===
检查宁德时代...
  当前价格: ¥342.01
  目标价格: ¥280-300
  距离目标价还差 14.00%

检查比亚迪...
  当前价格: ¥89.32
  目标价格: ¥60-70
  距离目标价还差 27.00%

监控完成。
=== 股价监控 2026-03-03 18:00:01 ===
检查宁德时代...
  当前价格: ¥342.01
  目标价格: ¥280-300
  距离目标价还差 14.00%

检查比亚迪...
  当前价格: ¥89.32
  目标价格: ¥60-70
  距离目标价还差 27.00%

监控完成。
=== 股价监控 2026-03-03 19:00:01 ===
检查宁德时代...
  当前价格: ¥342.01
  目标价格: ¥280-300
  距离目标价还差 14.00%

检查比亚迪...
  当前价格: ¥89.32
  目标价格: ¥60-70
  距离目标价还差 27.00%

监控完成。
=== 股价监控 2026-03-03 20:00:01 ===
检查宁德时代...
  当前价格: ¥342.01
  目标价格: ¥280-300
  距离目标价还差 14.00%

检查比亚迪...
  当前价格: ¥89.32
  目标价格: ¥60-70
  距离目标价还差 27.00%

监控完成。
=== 股价监控 2026-03-03 21:00:01 ===
检查宁德时代...
  当前价格: ¥342.01
  目标价格: ¥280-300
  距离目标价还差 14.00%

检查比亚迪...
  当前价格: ¥89.32
  目标价格: ¥60-70
  距离目标价还差 27.00%

监控完成。
=== 股价监控 2026-03-03 22:00:01 ===
检查宁德时代...
  当前价格: ¥342.01
  目标价格: ¥280-300
  距离目标价还差 14.00%

检查比亚迪...
  当前价格: ¥89.32
  目标价格: ¥60-70
  距离目标价还差 27.00%

监控完成。
=== 股价监控 2026-03-03 23:00:01 ===
检查宁德时代...
  当前价格: ¥342.01
  目标价格: ¥280-300
  距离目标价还差 14.00%

检查比亚迪...
  当前价格: ¥89.32
  目标价格: ¥60-70
  距离目标价还差 27.00%

监控完成。
=== 股价监控 2026-03-04 00:00:01 ===
检查宁德时代...
  当前价格: ¥342.01
  目标价格: ¥280-300
  距离目标价还差 14.00%

检查比亚迪...
  当前价格: ¥89.32
  目标价格: ¥60-70
  距离目标价还差 27.00%

监控完成。
=== 股价监控 2026-03-04 01:00:01 ===
检查宁德时代...
  当前价格: ¥342.01
  目标价格: ¥280-300
  距离目标价还差 14.00%

检查比亚迪...
  当前价格: ¥89.32
  目标价格: ¥60-70
  距离目标价还差 27.00%

监控完成。
=== 股价监控 2026-03-04 02:00:01 ===
检查宁德时代...
  当前价格: ¥342.01
  目标价格: ¥280-300
  距离目标价还差 14.00%

检查比亚迪...
  当前价格: ¥89.32
  目标价格: ¥60-70
  距离目标价还差 27.00%

监控完成。
=== 股价监控 2026-03-04 03:00:01 ===
检查宁德时代...
  当前价格: ¥342.01
  目标价格: ¥280-300
  距离目标价还差 14.00%

检查比亚迪...
  当前价格: ¥89.32
  目标价格: ¥60-70
  距离目标价还差 27.00%

监控完成。
=== 股价监控 2026-03-04 04:00:01 ===
检查宁德时代...
  当前价格: ¥342.01
  目标价格: ¥280-300
  距离目标价还差 14.00%

检查比亚迪...
  当前价格: ¥89.32
  目标价格: ¥60-70
  距离目标价还差 27.00%

监控完成。
=== 股价监控 2026-03-04 05:00:01 ===
检查宁德时代...
  当前价格: ¥342.01
  目标价格: ¥280-300
  距离目标价还差 14.00%

检查比亚迪...
  当前价格: ¥89.32
  目标价格: ¥60-70
  距离目标价还差 27.00%

监控完成。
=== 股价监控 2026-03-04 06:00:01 ===
检查宁德时代...
  当前价格: ¥342.01
  目标价格: ¥280-300
  距离目标价还差 14.00%

检查比亚迪...
  当前价格: ¥89.32
  目标价格: ¥60-70
  距离目标价还差 27.00%

监控完成。
=== 股价监控 2026-03-04 07:00:01 ===
检查宁德时代...
  当前价格: ¥342.01
  目标价格: ¥280-300
  距离目标价还差 14.00%

检查比亚迪...
  当前价格: ¥89.32
  目标价格: ¥60-70
  距离目标价还差 27.00%

监控完成。
=== 股价监控 2026-03-04 08:00:01 ===
检查宁德时代...
  当前价格: ¥342.01
  目标价格: ¥280-300
  距离目标价还差 14.00%

检查比亚迪...
  当前价格: ¥89.32
  目标价格: ¥60-70
  距离目标价还差 27.00%

监控完成。
=== 股价监控 2026-03-04 09:00:01 ===
检查宁德时代...
  当前价格: ¥342.01
  目标价格: ¥280-300
  距离目标价还差 14.00%

检查比亚迪...
  当前价格: ¥89.32
  目标价格: ¥60-70
  距离目标价还差 27.00%

监控完成。
=== 股价监控 2026-03-04 10:00:01 ===
检查宁德时代...
  当前价格: ¥342.01
  目标价格: ¥280-300
  距离目标价还差 14.00%

检查比亚迪...
  当前价格: ¥89.32
  目标价格: ¥60-70
  距离目标价还差 27.00%

监控完成。
=== 股价监控 2026-03-04 11:00:01 ===
检查宁德时代...
  当前价格: ¥342.01
  目标价格: ¥280-300
  距离目标价还差 14.00%

检查比亚迪...
  当前价格: ¥89.32
  目标价格: ¥60-70
  距离目标价还差 27.00%

监控完成。
=== 股价监控 2026-03-04 12:00:01 ===
检查宁德时代...
  当前价格: ¥342.01
  目标价格: ¥280-300
  距离目标价还差 14.00%

检查比亚迪...
  当前价格: ¥89.32
  目标价格: ¥60-70
  距离目标价还差 27.00%

监控完成。
=== 股价监控 2026-03-04 13:00:01 ===
检查宁德时代...
  当前价格: ¥342.01
  目标价格: ¥280-300
  距离目标价还差 14.00%

检查比亚迪...
  当前价格: ¥89.32
  目标价格: ¥60-70
  距离目标价还差 27.00%

监控完成。
=== 股价监控 2026-03-04 14:00:01 ===
检查宁德时代...
  当前价格: ¥342.01
  目标价格: ¥280-300
  距离目标价还差 14.00%

检查比亚迪...
  当前价格: ¥89.32
  目标价格: ¥60-70
  距离目标价还差 27.00%

监控完成。
=== 股价监控 2026-03-04 15:00:01 ===
检查宁德时代...
  当前价格: ¥342.01
  目标价格: ¥280-300
  距离目标价还差 14.00%

检查比亚迪...
  当前价格: ¥89.32
  目标价格: ¥60-70
  距离目标价还差 27.00%

监控完成。
=== 股价监控 2026-03-04 16:00:01 ===
检查宁德时代...
  当前价格: ¥342.01
  目标价格: ¥280-300
  距离目标价还差 14.00%

检查比亚迪...
  当前价格: ¥89.32
  目标价格: ¥60-70
  距离目标价还差 27.00%

监控完成。
=== 股价监控 2026-03-04 17:00:01 ===
检查宁德时代...
  当前价格: ¥342.01
  目标价格: ¥280-300
  距离目标价还差 14.00%

检查比亚迪...
  当前价格: ¥89.32
  目标价格: ¥60-70
  距离目标价还差 27.00%

监控完成。
=== 股价监控 2026-03-04 18:00:01 ===
检查宁德时代...
  当前价格: ¥342.01
  目标价格: ¥280-300
  距离目标价还差 14.00%

检查比亚迪...
  当前价格: ¥89.32
  目标价格: ¥60-70
  距离目标价还差 27.00%

监控完成。
=== 股价监控 2026-03-04 19:00:01 ===
检查宁德时代...
  当前价格: ¥342.01
  目标价格: ¥280-300
  距离目标价还差 14.00%

检查比亚迪...
  当前价格: ¥89.32
  目标价格: ¥60-70
  距离目标价还差 27.00%

监控完成。
=== 股价监控 2026-03-04 20:00:01 ===
检查宁德时代...
  当前价格: ¥342.01
  目标价格: ¥280-300
  距离目标价还差 14.00%

检查比亚迪...
  当前价格: ¥89.32
  目标价格: ¥60-70
  距离目标价还差 27.00%

监控完成。
=== 股价监控 2026-03-04 21:00:01 ===
检查宁德时代...
  当前价格: ¥342.01
  目标价格: ¥280-300
  距离目标价还差 14.00%

检查比亚迪...
  当前价格: ¥89.32
  目标价格: ¥60-70
  距离目标价还差 27.00%

监控完成。
=== 股价监控 2026-03-04 22:00:01 ===
检查宁德时代...
  当前价格: ¥342.01
  目标价格: ¥280-300
  距离目标价还差 14.00%

检查比亚迪...
  当前价格: ¥89.32
  目标价格: ¥60-70
  距离目标价还差 27.00%

监控完成。
=== 股价监控 2026-03-04 23:00:01 ===
检查宁德时代...
  当前价格: ¥342.01
  目标价格: ¥280-300
  距离目标价还差 14.00%

检查比亚迪...
  当前价格: ¥89.32
  目标价格: ¥60-70
  距离目标价还差 27.00%

监控完成。
=== 股价监控 2026-03-05 00:00:01 ===
检查宁德时代...
  当前价格: ¥342.01
  目标价格: ¥280-300
  距离目标价还差 14.00%

检查比亚迪...
  当前价格: ¥89.32
  目标价格: ¥60-70
  距离目标价还差 27.00%

监控完成。
=== 股价监控 2026-03-05 01:00:01 ===
检查宁德时代...
  当前价格: ¥342.01
  目标价格: ¥280-300
  距离目标价还差 14.00%

检查比亚迪...
  当前价格: ¥89.32
  目标价格: ¥60-70
  距离目标价还差 27.00%

监控完成。
=== 股价监控 2026-03-05 02:00:01 ===
检查宁德时代...
  当前价格: ¥342.01
  目标价格: ¥280-300
  距离目标价还差 14.00%

检查比亚迪...
  当前价格: ¥89.32
  目标价格: ¥60-70
  距离目标价还差 27.00%

监控完成。
=== 股价监控 2026-03-05 03:00:01 ===
检查宁德时代...
  当前价格: ¥342.01
  目标价格: ¥280-300
  距离目标价还差 14.00%

检查比亚迪...
  当前价格: ¥89.32
  目标价格: ¥60-70
  距离目标价还差 27.00%

监控完成。
=== 股价监控 2026-03-05 04:00:01 ===
检查宁德时代...
  当前价格: ¥342.01
  目标价格: ¥280-300
  距离目标价还差 14.00%

检查比亚迪...
  当前价格: ¥89.32
  目标价格: ¥60-70
  距离目标价还差 27.00%

监控完成。
=== 股价监控 2026-03-05 05:00:01 ===
检查宁德时代...
  当前价格: ¥342.01
  目标价格: ¥280-300
  距离目标价还差 14.00%

检查比亚迪...
  当前价格: ¥89.32
  目标价格: ¥60-70
  距离目标价还差 27.00%

监控完成。
=== 股价监控 2026-03-05 06:00:01 ===
检查宁德时代...
  当前价格: ¥342.01
  目标价格: ¥280-300
  距离目标价还差 14.00%

检查比亚迪...
  当前价格: ¥89.32
  目标价格: ¥60-70
  距离目标价还差 27.00%

监控完成。
=== 股价监控 2026-03-05 07:00:01 ===
检查宁德时代...
  当前价格: ¥342.01
  目标价格: ¥280-300
  距离目标价还差 14.00%

检查比亚迪...
  当前价格: ¥89.32
  目标价格: ¥60-70
  距离目标价还差 27.00%

监控完成。
=== 股价监控 2026-03-05 08:00:01 ===
检查宁德时代...
  当前价格: ¥342.01
  目标价格: ¥280-300
  距离目标价还差 14.00%

检查比亚迪...
  当前价格: ¥89.32
  目标价格: ¥60-70
  距离目标价还差 27.00%

监控完成。
=== 股价监控 2026-03-05 09:00:01 ===
检查宁德时代...
  当前价格: ¥342.01
  目标价格: ¥280-300
  距离目标价还差 14.00%

检查比亚迪...
  当前价格: ¥89.32
  目标价格: ¥60-70
  距离目标价还差 27.00%

监控完成。
=== 股价监控 2026-03-05 10:00:01 ===
检查宁德时代...
  当前价格: ¥342.01
  目标价格: ¥280-300
  距离目标价还差 14.00%

检查比亚迪...
  当前价格: ¥89.32
  目标价格: ¥60-70
  距离目标价还差 27.00%

监控完成。
=== 股价监控 2026-03-05 11:00:01 ===
检查宁德时代...
  当前价格: ¥342.01
  目标价格: ¥280-300
  距离目标价还差 14.00%

检查比亚迪...
  当前价格: ¥89.32
  目标价格: ¥60-70
  距离目标价还差 27.00%

监控完成。
=== 股价监控 2026-03-05 12:00:01 ===
检查宁德时代...
  当前价格: ¥342.01
  目标价格: ¥280-300
  距离目标价还差 14.00%

检查比亚迪...
  当前价格: ¥89.32
  目标价格: ¥60-70
  距离目标价还差 27.00%

监控完成。
=== 股价监控 2026-03-05 13:00:01 ===
检查宁德时代...
  当前价格: ¥342.01
  目标价格: ¥280-300
  距离目标价还差 14.00%

检查比亚迪...
  当前价格: ¥89.32
  目标价格: ¥60-70
  距离目标价还差 27.00%

监控完成。
=== 股价监控 2026-03-05 14:00:01 ===
检查宁德时代...
  当前价格: ¥342.01
  目标价格: ¥280-300
  距离目标价还差 14.00%

检查比亚迪...
  当前价格: ¥89.32
  目标价格: ¥60-70
  距离目标价还差 27.00%

监控完成。
=== 股价监控 2026-03-05 15:00:01 ===
检查宁德时代...
  当前价格: ¥342.01
  目标价格: ¥280-300
  距离目标价还差 14.00%

检查比亚迪...
  当前价格: ¥89.32
  目标价格: ¥60-70
  距离目标价还差 27.00%

监控完成。
=== 股价监控 2026-03-05 16:00:01 ===
检查宁德时代...
  当前价格: ¥342.01
  目标价格: ¥280-300
  距离目标价还差 14.00%

检查比亚迪...
  当前价格: ¥89.32
  目标价格: ¥60-70
  距离目标价还差 27.00%

监控完成。
=== 股价监控 2026-03-05 17:00:01 ===
检查宁德时代...
  当前价格: ¥342.01
  目标价格: ¥280-300
  距离目标价还差 14.00%

检查比亚迪...
  当前价格: ¥89.32
  目标价格: ¥60-70
  距离目标价还差 27.00%

监控完成。
=== 股价监控 2026-03-05 18:00:01 ===
检查宁德时代...
  当前价格: ¥342.01
  目标价格: ¥280-300
  距离目标价还差 14.00%

检查比亚迪...
  当前价格: ¥89.32
  目标价格: ¥60-70
  距离目标价还差 27.00%

监控完成。
=== 股价监控 2026-03-05 19:00:01 ===
检查宁德时代...
  当前价格: ¥342.01
  目标价格: ¥280-300
  距离目标价还差 14.00%

检查比亚迪...
  当前价格: ¥89.32
  目标价格: ¥60-70
  距离目标价还差 27.00%

监控完成。
=== 股价监控 2026-03-05 20:00:01 ===
检查宁德时代...
  当前价格: ¥342.01
  目标价格: ¥280-300
  距离目标价还差 14.00%

检查比亚迪...
  当前价格: ¥89.32
  目标价格: ¥60-70
  距离目标价还差 27.00%

监控完成。
=== 股价监控 2026-03-05 21:00:01 ===
检查宁德时代...
  当前价格: ¥342.01
  目标价格: ¥280-300
  距离目标价还差 14.00%

检查比亚迪...
  当前价格: ¥89.32
  目标价格: ¥60-70
  距离目标价还差 27.00%

监控完成。
=== 股价监控 2026-03-05 22:00:01 ===
检查宁德时代...
  当前价格: ¥342.01
  目标价格: ¥280-300
  距离目标价还差 14.00%

检查比亚迪...
  当前价格: ¥89.32
  目标价格: ¥60-70
  距离目标价还差 27.00%

监控完成。
=== 股价监控 2026-03-05 23:00:01 ===
检查宁德时代...
  当前价格: ¥342.01
  目标价格: ¥280-300
  距离目标价还差 14.00%

检查比亚迪...
  当前价格: ¥89.32
  目标价格: ¥60-70
  距离目标价还差 27.00%

监控完成。
=== 股价监控 2026-03-06 00:00:01 ===
检查宁德时代...
  当前价格: ¥342.01
  目标价格: ¥280-300
  距离目标价还差 14.00%

检查比亚迪...
  当前价格: ¥89.32
  目标价格: ¥60-70
  距离目标价还差 27.00%

监控完成。
=== 股价监控 2026-03-06 01:00:01 ===
检查宁德时代...
  当前价格: ¥342.01
  目标价格: ¥280-300
  距离目标价还差 14.00%

检查比亚迪...
  当前价格: ¥89.32
  目标价格: ¥60-70
  距离目标价还差 27.00%

监控完成。
=== 股价监控 2026-03-06 02:00:01 ===
检查宁德时代...
  当前价格: ¥342.01
  目标价格: ¥280-300
  距离目标价还差 14.00%

检查比亚迪...
  当前价格: ¥89.32
  目标价格: ¥60-70
  距离目标价还差 27.00%

监控完成。
=== 股价监控 2026-03-06 03:00:01 ===
检查宁德时代...
  当前价格: ¥342.01
  目标价格: ¥280-300
  距离目标价还差 14.00%

检查比亚迪...
  当前价格: ¥89.32
  目标价格: ¥60-70
  距离目标价还差 27.00%

监控完成。
=== 股价监控 2026-03-06 04:00:01 ===
检查宁德时代...
  当前价格: ¥342.01
  目标价格: ¥280-300
  距离目标价还差 14.00%

检查比亚迪...
  当前价格: ¥89.32
  目标价格: ¥60-70
  距离目标价还差 27.00%

监控完成。
=== 股价监控 2026-03-06 05:00:01 ===
检查宁德时代...
  当前价格: ¥342.01
  目标价格: ¥280-300
  距离目标价还差 14.00%

检查比亚迪...
  当前价格: ¥89.32
  目标价格: ¥60-70
  距离目标价还差 27.00%

监控完成。
=== 股价监控 2026-03-06 06:00:01 ===
检查宁德时代...
  当前价格: ¥342.01
  目标价格: ¥280-300
  距离目标价还差 14.00%

检查比亚迪...
  当前价格: ¥89.32
  目标价格: ¥60-70
  距离目标价还差 27.00%

监控完成。
=== 股价监控 2026-03-06 07:00:01 ===
检查宁德时代...
  当前价格: ¥342.01
  目标价格: ¥280-300
  距离目标价还差 14.00%

检查比亚迪...
  当前价格: ¥89.32
  目标价格: ¥60-70
  距离目标价还差 27.00%

监控完成。
=== 股价监控 2026-03-06 08:00:01 ===
检查宁德时代...
  当前价格: ¥342.01
  目标价格: ¥280-300
  距离目标价还差 14.00%

检查比亚迪...
  当前价格: ¥89.32
  目标价格: ¥60-70
  距离目标价还差 27.00%

监控完成。
=== 股价监控 2026-03-06 09:00:01 ===
检查宁德时代...
  当前价格: ¥342.01
  目标价格: ¥280-300
  距离目标价还差 14.00%

检查比亚迪...
  当前价格: ¥89.32
  目标价格: ¥60-70
  距离目标价还差 27.00%

监控完成。
=== 股价监控 2026-03-06 10:00:01 ===
检查宁德时代...
  当前价格: ¥342.01
  目标价格: ¥280-300
  距离目标价还差 14.00%

检查比亚迪...
  当前价格: ¥89.32
  目标价格: ¥60-70
  距离目标价还差 27.00%

监控完成。
=== 股价监控 2026-03-06 11:00:01 ===
检查宁德时代...
  当前价格: ¥342.01
  目标价格: ¥280-300
  距离目标价还差 14.00%

检查比亚迪...
  当前价格: ¥89.32
  目标价格: ¥60-70
  距离目标价还差 27.00%

监控完成。
=== 股价监控 2026-03-06 12:00:01 ===
检查宁德时代...
  当前价格: ¥342.01
  目标价格: ¥280-300
  距离目标价还差 14.00%

检查比亚迪...
  当前价格: ¥89.32
  目标价格: ¥60-70
  距离目标价还差 27.00%

监控完成。
=== 股价监控 2026-03-06 13:00:01 ===
检查宁德时代...
  当前价格: ¥342.01
  目标价格: ¥280-300
  距离目标价还差 14.00%

检查比亚迪...
  当前价格: ¥89.32
  目标价格: ¥60-70
  距离目标价还差 27.00%

监控完成。
=== 股价监控 2026-03-06 14:00:01 ===
检查宁德时代...
  当前价格: ¥342.01
  目标价格: ¥280-300
  距离目标价还差 14.00%

检查比亚迪...
  当前价格: ¥89.32
  目标价格: ¥60-70
  距离目标价还差 27.00%

监控完成。
=== 股价监控 2026-03-06 15:00:01 ===
检查宁德时代...
  当前价格: ¥342.01
  目标价格: ¥280-300
  距离目标价还差 14.00%

检查比亚迪...
  当前价格: ¥89.32
  目标价格: ¥60-70
  距离目标价还差 27.00%

监控完成。
=== 股价监控 2026-03-06 16:00:01 ===
检查宁德时代...
  当前价格: ¥342.01
  目标价格: ¥280-300
  距离目标价还差 14.00%

检查比亚迪...
  当前价格: ¥89.32
  目标价格: ¥60-70
  距离目标价还差 27.00%

监控完成。
=== 股价监控 2026-03-06 17:00:01 ===
检查宁德时代...
  当前价格: ¥342.01
  目标价格: ¥280-300
  距离目标价还差 14.00%

检查比亚迪...
  当前价格: ¥89.32
  目标价格: ¥60-70
  距离目标价还差 27.00%

监控完成。
=== 股价监控 2026-03-06 18:00:01 ===
检查宁德时代...
  当前价格: ¥342.01
  目标价格: ¥280-300
  距离目标价还差 14.00%

检查比亚迪...
  当前价格: ¥89.32
  目标价格: ¥60-70
  距离目标价还差 27.00%

监控完成。
=== 股价监控 2026-03-06 19:00:01 ===
检查宁德时代...
  当前价格: ¥342.01
  目标价格: ¥280-300
  距离目标价还差 14.00%

检查比亚迪...
  当前价格: ¥89.32
  目标价格: ¥60-70
  距离目标价还差 27.00%

监控完成。
=== 股价监控 2026-03-06 20:00:01 ===
检查宁德时代...
  当前价格: ¥342.01
  目标价格: ¥280-300
  距离目标价还差 14.00%

检查比亚迪...
  当前价格: ¥89.32
  目标价格: ¥60-70
  距离目标价还差 27.00%

监控完成。
=== 股价监控 2026-03-06 21:00:01 ===
检查宁德时代...
  当前价格: ¥342.01
  目标价格: ¥280-300
  距离目标价还差 14.00%

检查比亚迪...
  当前价格: ¥89.32
  目标价格: ¥60-70
  距离目标价还差 27.00%

监控完成。
=== 股价监控 2026-03-06 22:00:01 ===
检查宁德时代...
  当前价格: ¥342.01
  目标价格: ¥280-300
  距离目标价还差 14.00%

检查比亚迪...
  当前价格: ¥89.32
  目标价格: ¥60-70
  距离目标价还差 27.00%

监控完成。
=== 股价监控 2026-03-06 23:00:01 ===
检查宁德时代...
  当前价格: ¥342.01
  目标价格: ¥280-300
  距离目标价还差 14.00%

检查比亚迪...
  当前价格: ¥89.32
  目标价格: ¥60-70
  距离目标价还差 27.00%

监控完成。
=== 股价监控 2026-03-09 00:00:01 ===
检查宁德时代...
  当前价格: ¥342.01
  目标价格: ¥280-300
  距离目标价还差 14.00%

检查比亚迪...
  当前价格: ¥89.32
  目标价格: ¥60-70
  距离目标价还差 27.00%

监控完成。
=== 股价监控 2026-03-09 01:00:01 ===
检查宁德时代...
  当前价格: ¥342.01
  目标价格: ¥280-300
  距离目标价还差 14.00%

检查比亚迪...
  当前价格: ¥89.32
  目标价格: ¥60-70
  距离目标价还差 27.00%

监控完成。
=== 股价监控 2026-03-09 02:00:01 ===
检查宁德时代...
  当前价格: ¥342.01
  目标价格: ¥280-300
  距离目标价还差 14.00%

检查比亚迪...
  当前价格: ¥89.32
  目标价格: ¥60-70
  距离目标价还差 27.00%

监控完成。
=== 股价监控 2026-03-09 03:00:01 ===
检查宁德时代...
  当前价格: ¥342.01
  目标价格: ¥280-300
  距离目标价还差 14.00%

检查比亚迪...
  当前价格: ¥89.32
  目标价格: ¥60-70
  距离目标价还差 27.00%

监控完成。
=== 股价监控 2026-03-09 04:00:01 ===
检查宁德时代...
  当前价格: ¥342.01
  目标价格: ¥280-300
  距离目标价还差 14.00%

检查比亚迪...
  当前价格: ¥89.32
  目标价格: ¥60-70
  距离目标价还差 27.00%

监控完成。
=== 股价监控 2026-03-09 05:00:01 ===
检查宁德时代...
  当前价格: ¥342.01
  目标价格: ¥280-300
  距离目标价还差 14.00%

检查比亚迪...
  当前价格: ¥89.32
  目标价格: ¥60-70
  距离目标价还差 27.00%

监控完成。
=== 股价监控 2026-03-09 06:00:01 ===
检查宁德时代...
  当前价格: ¥342.01
  目标价格: ¥280-300
  距离目标价还差 14.00%

检查比亚迪...
  当前价格: ¥89.32
  目标价格: ¥60-70
  距离目标价还差 27.00%

监控完成。
=== 股价监控 2026-03-09 07:00:01 ===
检查宁德时代...
  当前价格: ¥342.01
  目标价格: ¥280-300
  距离目标价还差 14.00%

检查比亚迪...
  当前价格: ¥89.32
  目标价格: ¥60-70
  距离目标价还差 27.00%

监控完成。
=== 股价监控 2026-03-09 08:00:01 ===
检查宁德时代...
  当前价格: ¥342.01
  目标价格: ¥280-300
  距离目标价还差 14.00%

检查比亚迪...
  当前价格: ¥89.32
  目标价格: ¥60-70
  距离目标价还差 27.00%

监控完成。
=== 股价监控 2026-03-09 09:00:01 ===
检查宁德时代...
  当前价格: ¥342.01
  目标价格: ¥280-300
  距离目标价还差 14.00%

检查比亚迪...
  当前价格: ¥89.32
  目标价格: ¥60-70
  距离目标价还差 27.00%

监控完成。
=== 股价监控 2026-03-09 10:00:01 ===
检查宁德时代...
  当前价格: ¥342.01
  目标价格: ¥280-300
  距离目标价还差 14.00%

检查比亚迪...
  当前价格: ¥89.32
  目标价格: ¥60-70
  距离目标价还差 27.00%

监控完成。
=== 股价监控 2026-03-09 11:00:01 ===
检查宁德时代...
  当前价格: ¥342.01
  目标价格: ¥280-300
  距离目标价还差 14.00%

检查比亚迪...
  当前价格: ¥89.32
  目标价格: ¥60-70
  距离目标价还差 27.00%

监控完成。
=== 股价监控 2026-03-09 12:00:01 ===
检查宁德时代...
  当前价格: ¥342.01
  目标价格: ¥280-300
  距离目标价还差 14.00%

检查比亚迪...
  当前价格: ¥89.32
  目标价格: ¥60-70
  距离目标价还差 27.00%

监控完成。
=== 股价监控 2026-03-09 13:00:01 ===
检查宁德时代...
  当前价格: ¥342.01
  目标价格: ¥280-300
  距离目标价还差 14.00%

检查比亚迪...
  当前价格: ¥89.32
  目标价格: ¥60-70
  距离目标价还差 27.00%

监控完成。
=== 股价监控 2026-03-09 14:00:01 ===
检查宁德时代...
  当前价格: ¥342.01
  目标价格: ¥280-300
  距离目标价还差 14.00%

检查比亚迪...
  当前价格: ¥89.32
  目标价格: ¥60-70
  距离目标价还差 27.00%

监控完成。
=== 股价监控 2026-03-09 15:00:01 ===
检查宁德时代...
  当前价格: ¥342.01
  目标价格: ¥280-300
  距离目标价还差 14.00%

检查比亚迪...
  当前价格: ¥89.32
  目标价格: ¥60-70
  距离目标价还差 27.00%

监控完成。
=== 股价监控 2026-03-09 16:00:01 ===
检查宁德时代...
  当前价格: ¥342.01
  目标价格: ¥280-300
  距离目标价还差 14.00%

检查比亚迪...
  当前价格: ¥89.32
  目标价格: ¥60-70
  距离目标价还差 27.00%

监控完成。
=== 股价监控 2026-03-09 17:00:01 ===
检查宁德时代...
  当前价格: ¥342.01
  目标价格: ¥280-300
  距离目标价还差 14.00%

检查比亚迪...
  当前价格: ¥89.32
  目标价格: ¥60-70
  距离目标价还差 27.00%

监控完成。
=== 股价监控 2026-03-09 18:00:01 ===
检查宁德时代...
  当前价格: ¥342.01
  目标价格: ¥280-300
  距离目标价还差 14.00%

检查比亚迪...
  当前价格: ¥89.32
  目标价格: ¥60-70
  距离目标价还差 27.00%

监控完成。
=== 股价监控 2026-03-09 19:00:01 ===
检查宁德时代...
  当前价格: ¥342.01
  目标价格: ¥280-300
  距离目标价还差 14.00%

检查比亚迪...
  当前价格: ¥89.32
  目标价格: ¥60-70
  距离目标价还差 27.00%

监控完成。
=== 股价监控 2026-03-09 20:00:01 ===
检查宁德时代...
  当前价格: ¥342.01
  目标价格: ¥280-300
  距离目标价还差 14.00%

检查比亚迪...
  当前价格: ¥89.32
  目标价格: ¥60-70
  距离目标价还差 27.00%

监控完成。
=== 股价监控 2026-03-09 21:00:01 ===
检查宁德时代...
  当前价格: ¥342.01
  目标价格: ¥280-300
  距离目标价还差 14.00%

检查比亚迪...
  当前价格: ¥89.32
  目标价格: ¥60-70
  距离目标价还差 27.00%

监控完成。
=== 股价监控 2026-03-09 22:00:01 ===
检查宁德时代...
  当前价格: ¥342.01
  目标价格: ¥280-300
  距离目标价还差 14.00%

检查比亚迪...
  当前价格: ¥89.32
  目标价格: ¥60-70
  距离目标价还差 27.00%

监控完成。
=== 股价监控 2026-03-09 23:00:01 ===
检查宁德时代...
  当前价格: ¥342.01
  目标价格: ¥280-300
  距离目标价还差 14.00%

检查比亚迪...
  当前价格: ¥89.32
  目标价格: ¥60-70
  距离目标价还差 27.00%

监控完成。
=== 股价监控 2026-03-10 00:00:01 ===
检查宁德时代...
  当前价格: ¥342.01
  目标价格: ¥280-300
  距离目标价还差 14.00%

检查比亚迪...
  当前价格: ¥89.32
  目标价格: ¥60-70
  距离目标价还差 27.00%

监控完成。
=== 股价监控 2026-03-10 01:00:01 ===
检查宁德时代...
  当前价格: ¥342.01
  目标价格: ¥280-300
  距离目标价还差 14.00%

检查比亚迪...
  当前价格: ¥89.32
  目标价格: ¥60-70
  距离目标价还差 27.00%

监控完成。
=== 股价监控 2026-03-10 02:00:01 ===
检查宁德时代...
  当前价格: ¥342.01
  目标价格: ¥280-300
  距离目标价还差 14.00%

检查比亚迪...
  当前价格: ¥89.32
  目标价格: ¥60-70
  距离目标价还差 27.00%

监控完成。
=== 股价监控 2026-03-10 03:00:01 ===
检查宁德时代...
  当前价格: ¥342.01
  目标价格: ¥280-300
  距离目标价还差 14.00%

检查比亚迪...
  当前价格: ¥89.32
  目标价格: ¥60-70
  距离目标价还差 27.00%

监控完成。
=== 股价监控 2026-03-10 04:00:01 ===
检查宁德时代...
  当前价格: ¥342.01
  目标价格: ¥280-300
  距离目标价还差 14.00%

检查比亚迪...
  当前价格: ¥89.32
  目标价格: ¥60-70
  距离目标价还差 27.00%

监控完成。
=== 股价监控 2026-03-10 05:00:01 ===
检查宁德时代...
  当前价格: ¥342.01
  目标价格: ¥280-300
  距离目标价还差 14.00%

检查比亚迪...
  当前价格: ¥89.32
  目标价格: ¥60-70
  距离目标价还差 27.00%

监控完成。
=== 股价监控 2026-03-10 06:00:01 ===
检查宁德时代...
  当前价格: ¥342.01
  目标价格: ¥280-300
  距离目标价还差 14.00%

检查比亚迪...
  当前价格: ¥89.32
  目标价格: ¥60-70
  距离目标价还差 27.00%

监控完成。
=== 股价监控 2026-03-10 07:00:01 ===
检查宁德时代...
  当前价格: ¥342.01
  目标价格: ¥280-300
  距离目标价还差 14.00%

检查比亚迪...
  当前价格: ¥89.32
  目标价格: ¥60-70
  距离目标价还差 27.00%

监控完成。
=== 股价监控 2026-03-10 08:00:01 ===
检查宁德时代...
  当前价格: ¥342.01
  目标价格: ¥280-300
  距离目标价还差 14.00%

检查比亚迪...
  当前价格: ¥89.32
  目标价格: ¥60-70
  距离目标价还差 27.00%

监控完成。
=== 股价监控 2026-03-10 09:00:01 ===
检查宁德时代...
  当前价格: ¥342.01
  目标价格: ¥280-300
  距离目标价还差 14.00%

检查比亚迪...
  当前价格: ¥89.32
  目标价格: ¥60-70
  距离目标价还差 27.00%

监控完成。
=== 股价监控 2026-03-10 10:00:01 ===
检查宁德时代...
  当前价格: ¥342.01
  目标价格: ¥280-300
  距离目标价还差 14.00%

检查比亚迪...
  当前价格: ¥89.32
  目标价格: ¥60-70
  距离目标价还差 27.00%

监控完成。
=== 股价监控 2026-03-10 11:00:01 ===
检查宁德时代...
  当前价格: ¥342.01
  目标价格: ¥280-300
  距离目标价还差 14.00%

检查比亚迪...
  当前价格: ¥89.32
  目标价格: ¥60-70
  距离目标价还差 27.00%

监控完成。
=== 股价监控 2026-03-10 12:00:01 ===
检查宁德时代...
  当前价格: ¥342.01
  目标价格: ¥280-300
  距离目标价还差 14.00%

检查比亚迪...
  当前价格: ¥89.32
  目标价格: ¥60-70
  距离目标价还差 27.00%

监控完成。
=== 股价监控 2026-03-10 13:00:01 ===
检查宁德时代...
  当前价格: ¥342.01
  目标价格: ¥280-300
  距离目标价还差 14.00%

检查比亚迪...
  当前价格: ¥89.32
  目标价格: ¥60-70
  距离目标价还差 27.00%

监控完成。
=== 股价监控 2026-03-10 14:00:01 ===
检查宁德时代...
  当前价格: ¥342.01
  目标价格: ¥280-300
  距离目标价还差 14.00%

检查比亚迪...
  当前价格: ¥89.32
  目标价格: ¥60-70
  距离目标价还差 27.00%

监控完成。
=== 股价监控 2026-03-10 15:00:01 ===
检查宁德时代...
  当前价格: ¥342.01
  目标价格: ¥280-300
  距离目标价还差 14.00%

检查比亚迪...
  当前价格: ¥89.32
  目标价格: ¥60-70
  距离目标价还差 27.00%

监控完成。
=== 股价监控 2026-03-10 16:00:01 ===
检查宁德时代...
  当前价格: ¥342.01
  目标价格: ¥280-300
  距离目标价还差 14.00%

检查比亚迪...
  当前价格: ¥89.32
  目标价格: ¥60-70
  距离目标价还差 27.00%

监控完成。
=== 股价监控 2026-03-10 17:00:01 ===
检查宁德时代...
  当前价格: ¥342.01
  目标价格: ¥280-300
  距离目标价还差 14.00%

检查比亚迪...
  当前价格: ¥89.32
  目标价格: ¥60-70
  距离目标价还差 27.00%

监控完成。
=== 股价监控 2026-03-10 18:00:01 ===
检查宁德时代...
  当前价格: ¥342.01
  目标价格: ¥280-300
  距离目标价还差 14.00%

检查比亚迪...
  当前价格: ¥89.32
  目标价格: ¥60-70
  距离目标价还差 27.00%

监控完成。
=== 股价监控 2026-03-10 19:00:01 ===
检查宁德时代...
  当前价格: ¥342.01
  目标价格: ¥280-300
  距离目标价还差 14.00%

检查比亚迪...
  当前价格: ¥89.32
  目标价格: ¥60-70
  距离目标价还差 27.00%

监控完成。
=== 股价监控 2026-03-10 20:00:01 ===
检查宁德时代...
  当前价格: ¥342.01
  目标价格: ¥280-300
  距离目标价还差 14.00%

检查比亚迪...
  当前价格: ¥89.32
  目标价格: ¥60-70
  距离目标价还差 27.00%

监控完成。
=== 股价监控 2026-03-10 21:00:01 ===
检查宁德时代...
  当前价格: ¥342.01
  目标价格: ¥280-300
  距离目标价还差 14.00%

检查比亚迪...
  当前价格: ¥89.32
  目标价格: ¥60-70
  距离目标价还差 27.00%

监控完成。
=== 股价监控 2026-03-10 22:00:01 ===
检查宁德时代...
  当前价格: ¥342.01
  目标价格: ¥280-300
  距离目标价还差 14.00%

检查比亚迪...
  当前价格: ¥89.32
  目标价格: ¥60-70
  距离目标价还差 27.00%

监控完成。
=== 股价监控 2026-03-10 23:00:01 ===
检查宁德时代...
  当前价格: ¥342.01
  目标价格: ¥280-300
  距离目标价还差 14.00%

检查比亚迪...
  当前价格: ¥89.32
  目标价格: ¥60-70
  距离目标价还差 27.00%

监控完成。
=== 股价监控 2026-03-11 00:00:01 ===
检查宁德时代...
  当前价格: ¥342.01
  目标价格: ¥280-300
  距离目标价还差 14.00%

检查比亚迪...
  当前价格: ¥89.32
  目标价格: ¥60-70
  距离目标价还差 27.00%

监控完成。
=== 股价监控 2026-03-11 01:00:01 ===
检查宁德时代...
  当前价格: ¥342.01
  目标价格: ¥280-300
  距离目标价还差 14.00%

检查比亚迪...
  当前价格: ¥89.32
  目标价格: ¥60-70
  距离目标价还差 27.00%

监控完成。
=== 股价监控 2026-03-11 02:00:01 ===
检查宁德时代...
  当前价格: ¥342.01
  目标价格: ¥280-300
  距离目标价还差 14.00%

检查比亚迪...
  当前价格: ¥89.32
  目标价格: ¥60-70
  距离目标价还差 27.00%

监控完成。
=== 股价监控 2026-03-11 03:00:01 ===
检查宁德时代...
  当前价格: ¥342.01
  目标价格: ¥280-300
  距离目标价还差 14.00%

检查比亚迪...
  当前价格: ¥89.32
  目标价格: ¥60-70
  距离目标价还差 27.00%

监控完成。
=== 股价监控 2026-03-11 04:00:01 ===
检查宁德时代...
  当前价格: ¥342.01
  目标价格: ¥280-300
  距离目标价还差 14.00%

检查比亚迪...
  当前价格: ¥89.32
  目标价格: ¥60-70
  距离目标价还差 27.00%

监控完成。
=== 股价监控 2026-03-11 05:00:01 ===
检查宁德时代...
  当前价格: ¥342.01
  目标价格: ¥280-300
  距离目标价还差 14.00%

检查比亚迪...
  当前价格: ¥89.32
  目标价格: ¥60-70
  距离目标价还差 27.00%

监控完成。
=== 股价监控 2026-03-11 06:00:02 ===
检查宁德时代...
  当前价格: ¥342.01
  目标价格: ¥280-300
  距离目标价还差 14.00%

检查比亚迪...
  当前价格: ¥89.32
  目标价格: ¥60-70
  距离目标价还差 27.00%

监控完成。
=== 股价监控 2026-03-11 07:00:01 ===
检查宁德时代...
  当前价格: ¥342.01
  目标价格: ¥280-300
  距离目标价还差 14.00%

检查比亚迪...
  当前价格: ¥89.32
  目标价格: ¥60-70
  距离目标价还差 27.00%

监控完成。
=== 股价监控 2026-03-11 08:00:01 ===
检查宁德时代...
  当前价格: ¥342.01
  目标价格: ¥280-300
  距离目标价还差 14.00%

检查比亚迪...
  当前价格: ¥89.32
  目标价格: ¥60-70
  距离目标价还差 27.00%

监控完成。
=== 股价监控 2026-03-11 09:00:01 ===
检查宁德时代...
  当前价格: ¥342.01
  目标价格: ¥280-300
  距离目标价还差 14.00%

检查比亚迪...
  当前价格: ¥89.32
  目标价格: ¥60-70
  距离目标价还差 27.00%

监控完成。
=== 股价监控 2026-03-11 10:00:01 ===
检查宁德时代...
  当前价格: ¥342.01
  目标价格: ¥280-300
  距离目标价还差 14.00%

检查比亚迪...
  当前价格: ¥89.32
  目标价格: ¥60-70
  距离目标价还差 27.00%

监控完成。
=== 股价监控 2026-03-11 11:00:01 ===
检查宁德时代...
  当前价格: ¥342.01
  目标价格: ¥280-300
  距离目标价还差 14.00%

检查比亚迪...
  当前价格: ¥89.32
  目标价格: ¥60-70
  距离目标价还差 27.00%

监控完成。
=== 股价监控 2026-03-11 12:00:01 ===
检查宁德时代...
  当前价格: ¥342.01
  目标价格: ¥280-300
  距离目标价还差 14.00%

检查比亚迪...
  当前价格: ¥89.32
  目标价格: ¥60-70
  距离目标价还差 27.00%

监控完成。
=== 股价监控 2026-03-11 13:00:01 ===
检查宁德时代...
  当前价格: ¥342.01
  目标价格: ¥280-300
  距离目标价还差 14.00%

检查比亚迪...
  当前价格: ¥89.32
  目标价格: ¥60-70
  距离目标价还差 27.00%

监控完成。
=== 股价监控 2026-03-11 14:00:01 ===
检查宁德时代...
  当前价格: ¥342.01
  目标价格: ¥280-300
  距离目标价还差 14.00%

检查比亚迪...
  当前价格: ¥89.32
  目标价格: ¥60-70
  距离目标价还差 27.00%

监控完成。
=== 股价监控 2026-03-11 15:00:01 ===
检查宁德时代...
  当前价格: ¥342.01
  目标价格: ¥280-300
  距离目标价还差 14.00%

检查比亚迪...
  当前价格: ¥89.32
  目标价格: ¥60-70
  距离目标价还差 27.00%

监控完成。
=== 股价监控 2026-03-11 16:00:01 ===
检查宁德时代...
  当前价格: ¥342.01
  目标价格: ¥280-300
  距离目标价还差 14.00%

检查比亚迪...
  当前价格: ¥89.32
  目标价格: ¥60-70
  距离目标价还差 27.00%

监控完成。
=== 股价监控 2026-03-11 17:00:01 ===
检查宁德时代...
  当前价格: ¥342.01
  目标价格: ¥280-300
  距离目标价还差 14.00%

检查比亚迪...
  当前价格: ¥89.32
  目标价格: ¥60-70
  距离目标价还差 27.00%

监控完成。
=== 股价监控 2026-03-11 18:00:01 ===
检查宁德时代...
  当前价格: ¥342.01
  目标价格: ¥280-300
  距离目标价还差 14.00%

检查比亚迪...
  当前价格: ¥89.32
  目标价格: ¥60-70
  距离目标价还差 27.00%

监控完成。
=== 股价监控 2026-03-11 19:00:01 ===
检查宁德时代...
  当前价格: ¥342.01
  目标价格: ¥280-300
  距离目标价还差 14.00%

检查比亚迪...
  当前价格: ¥89.32
  目标价格: ¥60-70
  距离目标价还差 27.00%

监控完成。
=== 股价监控 2026-03-11 20:00:01 ===
检查宁德时代...
  当前价格: ¥342.01
  目标价格: ¥280-300
  距离目标价还差 14.00%

检查比亚迪...
  当前价格: ¥89.32
  目标价格: ¥60-70
  距离目标价还差 27.00%

监控完成。
=== 股价监控 2026-03-11 21:00:01 ===
检查宁德时代...
  当前价格: ¥342.01
  目标价格: ¥280-300
  距离目标价还差 14.00%

检查比亚迪...
  当前价格: ¥89.32
  目标价格: ¥60-70
  距离目标价还差 27.00%

监控完成。
=== 股价监控 2026-03-11 22:00:01 ===
检查宁德时代...
  当前价格: ¥342.01
  目标价格: ¥280-300
  距离目标价还差 14.00%

检查比亚迪...
  当前价格: ¥89.32
  目标价格: ¥60-70
  距离目标价还差 27.00%

监控完成。
=== 股价监控 2026-03-11 23:00:01 ===
检查宁德时代...
  当前价格: ¥342.01
  目标价格: ¥280-300
  距离目标价还差 14.00%

检查比亚迪...
  当前价格: ¥89.32
  目标价格: ¥60-70
  距离目标价还差 27.00%

监控完成。
=== 股价监控 2026-03-12 00:00:01 ===
检查宁德时代...
  当前价格: ¥342.01
  目标价格: ¥280-300
  距离目标价还差 14.00%

检查比亚迪...
  当前价格: ¥89.32
  目标价格: ¥60-70
  距离目标价还差 27.00%

监控完成。
=== 股价监控 2026-03-12 01:00:01 ===
检查宁德时代...
  当前价格: ¥342.01
  目标价格: ¥280-300
  距离目标价还差 14.00%

检查比亚迪...
  当前价格: ¥89.32
  目标价格: ¥60-70
  距离目标价还差 27.00%

监控完成。
=== 股价监控 2026-03-12 02:00:01 ===
检查宁德时代...
  当前价格: ¥342.01
  目标价格: ¥280-300
  距离目标价还差 14.00%

检查比亚迪...
  当前价格: ¥89.32
  目标价格: ¥60-70
  距离目标价还差 27.00%

监控完成。
=== 股价监控 2026-03-12 03:00:01 ===
检查宁德时代...
  当前价格: ¥342.01
  目标价格: ¥280-300
  距离目标价还差 14.00%

检查比亚迪...
  当前价格: ¥89.32
  目标价格: ¥60-70
  距离目标价还差 27.00%

监控完成。
=== 股价监控 2026-03-12 04:00:01 ===
检查宁德时代...
  当前价格: ¥342.01
  目标价格: ¥280-300
  距离目标价还差 14.00%

检查比亚迪...
  当前价格: ¥89.32
  目标价格: ¥60-70
  距离目标价还差 27.00%

监控完成。
=== 股价监控 2026-03-12 05:00:01 ===
检查宁德时代...
  当前价格: ¥342.01
  目标价格: ¥280-300
  距离目标价还差 14.00%

检查比亚迪...
  当前价格: ¥89.32
  目标价格: ¥60-70
  距离目标价还差 27.00%

监控完成。
=== 股价监控 2026-03-12 06:00:01 ===
检查宁德时代...
  当前价格: ¥342.01
  目标价格: ¥280-300
  距离目标价还差 14.00%

检查比亚迪...
  当前价格: ¥89.32
  目标价格: ¥60-70
  距离目标价还差 27.00%

监控完成。
=== 股价监控 2026-03-12 07:00:01 ===
检查宁德时代...
  当前价格: ¥342.01
  目标价格: ¥280-300
  距离目标价还差 14.00%

检查比亚迪...
  当前价格: ¥89.32
  目标价格: ¥60-70
  距离目标价还差 27.00%

监控完成。
=== 股价监控 2026-03-12 08:00:01 ===
检查宁德时代...
  当前价格: ¥342.01
  目标价格: ¥280-300
  距离目标价还差 14.00%

检查比亚迪...
  当前价格: ¥89.32
  目标价格: ¥60-70
  距离目标价还差 27.00%

监控完成。
=== 股价监控 2026-03-12 09:00:01 ===
检查宁德时代...
  当前价格: ¥342.01
  目标价格: ¥280-300
  距离目标价还差 14.00%

检查比亚迪...
  当前价格: ¥89.32
  目标价格: ¥60-70
  距离目标价还差 27.00%

监控完成。
=== 股价监控 2026-03-12 10:00:01 ===
检查宁德时代...
  当前价格: ¥342.01
  目标价格: ¥280-300
  距离目标价还差 14.00%

检查比亚迪...
  当前价格: ¥89.32
  目标价格: ¥60-70
  距离目标价还差 27.00%

监控完成。
=== 股价监控 2026-03-12 11:00:01 ===
检查宁德时代...
  当前价格: ¥342.01
  目标价格: ¥280-300
  距离目标价还差 14.00%

检查比亚迪...
  当前价格: ¥89.32
  目标价格: ¥60-70
  距离目标价还差 27.00%

监控完成。
=== 股价监控 2026-03-12 12:00:01 ===
检查宁德时代...
  当前价格: ¥342.01
  目标价格: ¥280-300
  距离目标价还差 14.00%

检查比亚迪...
  当前价格: ¥89.32
  目标价格: ¥60-70
  距离目标价还差 27.00%

监控完成。
=== 股价监控 2026-03-12 13:00:01 ===
检查宁德时代...
  当前价格: ¥342.01
  目标价格: ¥280-300
  距离目标价还差 14.00%

检查比亚迪...
  当前价格: ¥89.32
  目标价格: ¥60-70
  距离目标价还差 27.00%

监控完成。
=== 股价监控 2026-03-12 14:00:01 ===
检查宁德时代...
  当前价格: ¥342.01
  目标价格: ¥280-300
  距离目标价还差 14.00%

检查比亚迪...
  当前价格: ¥89.32
  目标价格: ¥60-70
  距离目标价还差 27.00%

监控完成。
=== 股价监控 2026-03-12 15:00:01 ===
检查宁德时代...
  当前价格: ¥342.01
  目标价格: ¥280-300
  距离目标价还差 14.00%

检查比亚迪...
  当前价格: ¥89.32
  目标价格: ¥60-70
  距离目标价还差 27.00%

监控完成。
=== 股价监控 2026-03-12 16:00:01 ===
检查宁德时代...
  当前价格: ¥342.01
  目标价格: ¥280-300
  距离目标价还差 14.00%

检查比亚迪...
  当前价格: ¥89.32
  目标价格: ¥60-70
  距离目标价还差 27.00%

监控完成。
=== 股价监控 2026-03-12 17:00:01 ===
检查宁德时代...
  当前价格: ¥342.01
  目标价格: ¥280-300
  距离目标价还差 14.00%

检查比亚迪...
  当前价格: ¥89.32
  目标价格: ¥60-70
  距离目标价还差 27.00%

监控完成。
=== 股价监控 2026-03-12 18:00:01 ===
检查宁德时代...
  当前价格: ¥342.01
  目标价格: ¥280-300
  距离目标价还差 14.00%

检查比亚迪...
  当前价格: ¥89.32
  目标价格: ¥60-70
  距离目标价还差 27.00%

监控完成。
=== 股价监控 2026-03-12 19:00:01 ===
检查宁德时代...
  当前价格: ¥342.01
  目标价格: ¥280-300
  距离目标价还差 14.00%

检查比亚迪...
  当前价格: ¥89.32
  目标价格: ¥60-70
  距离目标价还差 27.00%

监控完成。
=== 股价监控 2026-03-12 20:00:01 ===
检查宁德时代...
  当前价格: ¥342.01
  目标价格: ¥280-300
  距离目标价还差 14.00%

检查比亚迪...
  当前价格: ¥89.32
  目标价格: ¥60-70
  距离目标价还差 27.00%

监控完成。
=== 股价监控 2026-03-12 21:00:01 ===
检查宁德时代...
  当前价格: ¥342.01
  目标价格: ¥280-300
  距离目标价还差 14.00%

检查比亚迪...
  当前价格: ¥89.32
  目标价格: ¥60-70
  距离目标价还差 27.00%

监控完成。
=== 股价监控 2026-03-12 22:00:01 ===
检查宁德时代...
  当前价格: ¥342.01
  目标价格: ¥280-300
  距离目标价还差 14.00%

检查比亚迪...
  当前价格: ¥89.32
  目标价格: ¥60-70
  距离目标价还差 27.00%

监控完成。
=== 股价监控 2026-03-12 23:00:01 ===
检查宁德时代...
  当前价格: ¥342.01
  目标价格: ¥280-300
  距离目标价还差 14.00%

检查比亚迪...
  当前价格: ¥89.32
  目标价格: ¥60-70
  距离目标价还差 27.00%

监控完成。
=== 股价监控 2026-03-13 00:00:02 ===
检查宁德时代...
  当前价格: ¥342.01
  目标价格: ¥280-300
  距离目标价还差 14.00%

检查比亚迪...
  当前价格: ¥89.32
  目标价格: ¥60-70
  距离目标价还差 27.00%

监控完成。
=== 股价监控 2026-03-13 01:00:02 ===
检查宁德时代...
  当前价格: ¥342.01
  目标价格: ¥280-300
  距离目标价还差 14.00%

检查比亚迪...
  当前价格: ¥89.32
  目标价格: ¥60-70
  距离目标价还差 27.00%

监控完成。
=== 股价监控 2026-03-13 02:00:01 ===
检查宁德时代...
  当前价格: ¥342.01
  目标价格: ¥280-300
  距离目标价还差 14.00%

检查比亚迪...
  当前价格: ¥89.32
  目标价格: ¥60-70
  距离目标价还差 27.00%

监控完成。
=== 股价监控 2026-03-13 03:00:01 ===
检查宁德时代...
  当前价格: ¥342.01
  目标价格: ¥280-300
  距离目标价还差 14.00%

检查比亚迪...
  当前价格: ¥89.32
  目标价格: ¥60-70
  距离目标价还差 27.00%

监控完成。
=== 股价监控 2026-03-13 04:00:01 ===
检查宁德时代...
  当前价格: ¥342.01
  目标价格: ¥280-300
  距离目标价还差 14.00%

检查比亚迪...
  当前价格: ¥89.32
  目标价格: ¥60-70
  距离目标价还差 27.00%

监控完成。
=== 股价监控 2026-03-13 05:00:01 ===
检查宁德时代...
  当前价格: ¥342.01
  目标价格: ¥280-300
  距离目标价还差 14.00%

检查比亚迪...
  当前价格: ¥89.32
  目标价格: ¥60-70
  距离目标价还差 27.00%

监控完成。
=== 股价监控 2026-03-13 06:00:01 ===
检查宁德时代...
  当前价格: ¥342.01
  目标价格: ¥280-300
  距离目标价还差 14.00%

检查比亚迪...
  当前价格: ¥89.32
  目标价格: ¥60-70
  距离目标价还差 27.00%

监控完成。
=== 股价监控 2026-03-13 07:00:01 ===
检查宁德时代...
  当前价格: ¥342.01
  目标价格: ¥280-300
  距离目标价还差 14.00%

检查比亚迪...
  当前价格: ¥89.32
  目标价格: ¥60-70
  距离目标价还差 27.00%

监控完成。
=== 股价监控 2026-03-13 08:00:01 ===
检查宁德时代...
  当前价格: ¥342.01
  目标价格: ¥280-300
  距离目标价还差 14.00%

检查比亚迪...
  当前价格: ¥89.32
  目标价格: ¥60-70
  距离目标价还差 27.00%

监控完成。
=== 股价监控 2026-03-13 09:00:01 ===
检查宁德时代...
  当前价格: ¥342.01
  目标价格: ¥280-300
  距离目标价还差 14.00%

检查比亚迪...
  当前价格: ¥89.32
  目标价格: ¥60-70
  距离目标价还差 27.00%

监控完成。
=== 股价监控 2026-03-13 10:00:01 ===
检查宁德时代...
  当前价格: ¥342.01
  目标价格: ¥280-300
  距离目标价还差 14.00%

检查比亚迪...
  当前价格: ¥89.32
  目标价格: ¥60-70
  距离目标价还差 27.00%

监控完成。
=== 股价监控 2026-03-13 11:00:01 ===
检查宁德时代...
  当前价格: ¥342.01
  目标价格: ¥280-300
  距离目标价还差 14.00%

检查比亚迪...
  当前价格: ¥89.32
  目标价格: ¥60-70
  距离目标价还差 27.00%

监控完成。
=== 股价监控 2026-03-13 12:00:01 ===
检查宁德时代...
  当前价格: ¥342.01
  目标价格: ¥280-300
  距离目标价还差 14.00%

检查比亚迪...
  当前价格: ¥89.32
  目标价格: ¥60-70
  距离目标价还差 27.00%

监控完成。
=== 股价监控 2026-03-13 13:00:01 ===
检查宁德时代...
  当前价格: ¥342.01
  目标价格: ¥280-300
  距离目标价还差 14.00%

检查比亚迪...
  当前价格: ¥89.32
  目标价格: ¥60-70
  距离目标价还差 27.00%

监控完成。
=== 股价监控 2026-03-13 14:00:01 ===
检查宁德时代...
  当前价格: ¥342.01
  目标价格: ¥280-300
  距离目标价还差 14.00%

检查比亚迪...
  当前价格: ¥89.32
  目标价格: ¥60-70
  距离目标价还差 27.00%

监控完成。
=== 股价监控 2026-03-13 15:00:01 ===
检查宁德时代...
  当前价格: ¥342.01
  目标价格: ¥280-300
  距离目标价还差 14.00%

检查比亚迪...
  当前价格: ¥89.32
  目标价格: ¥60-70
  距离目标价还差 27.00%

监控完成。
=== 股价监控 2026-03-13 16:00:01 ===
检查宁德时代...
  当前价格: ¥342.01
  目标价格: ¥280-300
  距离目标价还差 14.00%

检查比亚迪...
  当前价格: ¥89.32
  目标价格: ¥60-70
  距离目标价还差 27.00%

监控完成。
=== 股价监控 2026-03-13 17:00:01 ===
检查宁德时代...
  当前价格: ¥342.01
  目标价格: ¥280-300
  距离目标价还差 14.00%

检查比亚迪...
  当前价格: ¥89.32
  目标价格: ¥60-70
  距离目标价还差 27.00%

监控完成。
=== 股价监控 2026-03-13 18:00:01 ===
检查宁德时代...
  当前价格: ¥342.01
  目标价格: ¥280-300
  距离目标价还差 14.00%

检查比亚迪...
  当前价格: ¥89.32
  目标价格: ¥60-70
  距离目标价还差 27.00%

监控完成。
=== 股价监控 2026-03-13 19:00:01 ===
检查宁德时代...
  当前价格: ¥342.01
  目标价格: ¥280-300
  距离目标价还差 14.00%

检查比亚迪...
  当前价格: ¥89.32
  目标价格: ¥60-70
  距离目标价还差 27.00%

监控完成。
=== 股价监控 2026-03-13 20:00:01 ===
检查宁德时代...
  当前价格: ¥342.01
  目标价格: ¥280-300
  距离目标价还差 14.00%

检查比亚迪...
  当前价格: ¥89.32
  目标价格: ¥60-70
  距离目标价还差 27.00%

监控完成。
=== 股价监控 2026-03-13 21:00:01 ===
检查宁德时代...
  当前价格: ¥342.01
  目标价格: ¥280-300
  距离目标价还差 14.00%

检查比亚迪...
  当前价格: ¥89.32
  目标价格: ¥60-70
  距离目标价还差 27.00%

监控完成。
=== 股价监控 2026-03-13 22:00:01 ===
检查宁德时代...
  当前价格: ¥342.01
  目标价格: ¥280-300
  距离目标价还差 14.00%

检查比亚迪...
  当前价格: ¥89.32
  目标价格: ¥60-70
  距离目标价还差 27.00%

监控完成。
=== 股价监控 2026-03-13 23:00:01 ===
检查宁德时代...
  当前价格: ¥342.01
  目标价格: ¥280-300
  距离目标价还差 14.00%

检查比亚迪...
  当前价格: ¥89.32
  目标价格: ¥60-70
  距离目标价还差 27.00%

监控完成。
=== 股价监控 2026-03-16 00:00:01 ===
检查宁德时代...
  当前价格: ¥342.01
  目标价格: ¥280-300
  距离目标价还差 14.00%

检查比亚迪...
  当前价格: ¥89.32
  目标价格: ¥60-70
  距离目标价还差 27.00%

监控完成。
=== 股价监控 2026-03-16 01:00:01 ===
检查宁德时代...
  当前价格: ¥342.01
  目标价格: ¥280-300
  距离目标价还差 14.00%

检查比亚迪...
  当前价格: ¥89.32
  目标价格: ¥60-70
  距离目标价还差 27.00%

监控完成。
=== 股价监控 2026-03-16 02:00:01 ===
检查宁德时代...
  当前价格: ¥342.01
  目标价格: ¥280-300
  距离目标价还差 14.00%

检查比亚迪...
  当前价格: ¥89.32
  目标价格: ¥60-70
  距离目标价还差 27.00%

监控完成。
=== 股价监控 2026-03-16 03:00:01 ===
检查宁德时代...
  当前价格: ¥342.01
  目标价格: ¥280-300
  距离目标价还差 14.00%

检查比亚迪...
  当前价格: ¥89.32
  目标价格: ¥60-70
  距离目标价还差 27.00%

监控完成。
=== 股价监控 2026-03-16 04:00:01 ===
检查宁德时代...
  当前价格: ¥342.01
  目标价格: ¥280-300
  距离目标价还差 14.00%

检查比亚迪...
  当前价格: ¥89.32
  目标价格: ¥60-70
  距离目标价还差 27.00%

监控完成。
=== 股价监控 2026-03-16 05:00:01 ===
检查宁德时代...
  当前价格: ¥342.01
  目标价格: ¥280-300
  距离目标价还差 14.00%

检查比亚迪...
  当前价格: ¥89.32
  目标价格: ¥60-70
  距离目标价还差 27.00%

监控完成。
=== 股价监控 2026-03-16 06:00:01 ===
检查宁德时代...
  当前价格: ¥342.01
  目标价格: ¥280-300
  距离目标价还差 14.00%

检查比亚迪...
  当前价格: ¥89.32
  目标价格: ¥60-70
  距离目标价还差 27.00%

监控完成。
=== 股价监控 2026-03-16 07:00:01 ===
检查宁德时代...
  当前价格: ¥342.01
  目标价格: ¥280-300
  距离目标价还差 14.00%

检查比亚迪...
  当前价格: ¥89.32
  目标价格: ¥60-70
  距离目标价还差 27.00%

监控完成。
=== 股价监控 2026-03-16 08:00:01 ===
检查宁德时代...
  当前价格: ¥342.01
  目标价格: ¥280-300
  距离目标价还差 14.00%

检查比亚迪...
  当前价格: ¥89.32
  目标价格: ¥60-70
  距离目标价还差 27.00%

监控完成。
=== 股价监控 2026-03-16 09:00:01 ===
检查宁德时代...
  当前价格: ¥342.01
  目标价格: ¥280-300
  距离目标价还差 14.00%

检查比亚迪...
  当前价格: ¥89.32
  目标价格: ¥60-70
  距离目标价还差 27.00%

监控完成。
=== 股价监控 2026-03-16 10:00:01 ===
检查宁德时代...
  当前价格: ¥342.01
  目标价格: ¥280-300
  距离目标价还差 14.00%

检查比亚迪...
  当前价格: ¥89.32
  目标价格: ¥60-70
  距离目标价还差 27.00%

监控完成。
=== 股价监控 2026-03-16 11:00:01 ===
检查宁德时代...
  当前价格: ¥342.01
  目标价格: ¥280-300
  距离目标价还差 14.00%

检查比亚迪...
  当前价格: ¥89.32
  目标价格: ¥60-70
  距离目标价还差 27.00%

监控完成。
=== 股价监控 2026-03-16 12:00:01 ===
检查宁德时代...
  当前价格: ¥342.01
  目标价格: ¥280-300
  距离目标价还差 14.00%

检查比亚迪...
  当前价格: ¥89.32
  目标价格: ¥60-70
  距离目标价还差 27.00%

监控完成。
=== 股价监控 2026-03-16 13:00:01 ===
检查宁德时代...
  当前价格: ¥342.01
  目标价格: ¥280-300
  距离目标价还差 14.00%

检查比亚迪...
  当前价格: ¥89.32
  目标价格: ¥60-70
  距离目标价还差 27.00%

监控完成。
=== 股价监控 2026-03-16 14:00:01 ===
检查宁德时代...
  当前价格: ¥342.01
  目标价格: ¥280-300
  距离目标价还差 14.00%

检查比亚迪...
  当前价格: ¥89.32
  目标价格: ¥60-70
  距离目标价还差 27.00%

监控完成。
=== 股价监控 2026-03-16 15:00:01 ===
检查宁德时代...
  当前价格: ¥342.01
  目标价格: ¥280-300
  距离目标价还差 14.00%

检查比亚迪...
  当前价格: ¥89.32
  目标价格: ¥60-70
  距离目标价还差 27.00%

监控完成。
=== 股价监控 2026-03-16 16:00:01 ===
检查宁德时代...
  当前价格: ¥342.01
  目标价格: ¥280-300
  距离目标价还差 14.00%

检查比亚迪...
  当前价格: ¥89.32
  目标价格: ¥60-70
  距离目标价还差 27.00%

监控完成。
=== 股价监控 2026-03-16 17:00:01 ===
检查宁德时代...
  当前价格: ¥342.01
  目标价格: ¥280-300
  距离目标价还差 14.00%

检查比亚迪...
  当前价格: ¥89.32
  目标价格: ¥60-70
  距离目标价还差 27.00%

监控完成。
=== 股价监控 2026-03-16 18:00:01 ===
检查宁德时代...
  当前价格: ¥342.01
  目标价格: ¥280-300
  距离目标价还差 14.00%

检查比亚迪...
  当前价格: ¥89.32
  目标价格: ¥60-70
  距离目标价还差 27.00%

监控完成。
=== 股价监控 2026-03-16 19:00:01 ===
检查宁德时代...
  当前价格: ¥342.01
  目标价格: ¥280-300
  距离目标价还差 14.00%

检查比亚迪...
  当前价格: ¥89.32
  目标价格: ¥60-70
  距离目标价还差 27.00%

监控完成。
=== 股价监控 2026-03-16 20:00:01 ===
检查宁德时代...
  当前价格: ¥342.01
  目标价格: ¥280-300
  距离目标价还差 14.00%

检查比亚迪...
  当前价格: ¥89.32
  目标价格: ¥60-70
  距离目标价还差 27.00%

监控完成。
=== 股价监控 2026-03-16 21:00:01 ===
检查宁德时代...
  当前价格: ¥342.01
  目标价格: ¥280-300
  距离目标价还差 14.00%

检查比亚迪...
  当前价格: ¥89.32
  目标价格: ¥60-70
  距离目标价还差 27.00%

监控完成。
=== 股价监控 2026-03-16 22:00:01 ===
检查宁德时代...
  当前价格: ¥342.01
  目标价格: ¥280-300
  距离目标价还差 14.00%

检查比亚迪...
  当前价格: ¥89.32
  目标价格: ¥60-70
  距离目标价还差 27.00%

监控完成。
=== 股价监控 2026-03-16 23:00:01 ===
检查宁德时代...
  当前价格: ¥342.01
  目标价格: ¥280-300
  距离目标价还差 14.00%

检查比亚迪...
  当前价格: ¥89.32
  目标价格: ¥60-70
  距离目标价还差 27.00%

监控完成。
=== 股价监控 2026-03-17 00:00:01 ===
检查宁德时代...
  当前价格: ¥342.01
  目标价格: ¥280-300
  距离目标价还差 14.00%

检查比亚迪...
  当前价格: ¥89.32
  目标价格: ¥60-70
  距离目标价还差 27.00%

监控完成。
=== 股价监控 2026-03-17 01:00:01 ===
检查宁德时代...
  当前价格: ¥342.01
  目标价格: ¥280-300
  距离目标价还差 14.00%

检查比亚迪...
  当前价格: ¥89.32
  目标价格: ¥60-70
  距离目标价还差 27.00%

监控完成。
=== 股价监控 2026-03-17 02:00:01 ===
检查宁德时代...
  当前价格: ¥342.01
  目标价格: ¥280-300
  距离目标价还差 14.00%

检查比亚迪...
  当前价格: ¥89.32
  目标价格: ¥60-70
  距离目标价还差 27.00%

监控完成。
=== 股价监控 2026-03-17 03:00:01 ===
检查宁德时代...
  当前价格: ¥342.01
  目标价格: ¥280-300
  距离目标价还差 14.00%

检查比亚迪...
  当前价格: ¥89.32
  目标价格: ¥60-70
  距离目标价还差 27.00%

监控完成。
=== 股价监控 2026-03-17 04:00:01 ===
检查宁德时代...
  当前价格: ¥342.01
  目标价格: ¥280-300
  距离目标价还差 14.00%

检查比亚迪...
  当前价格: ¥89.32
  目标价格: ¥60-70
  距离目标价还差 27.00%

监控完成。
=== 股价监控 2026-03-17 05:00:01 ===
检查宁德时代...
  当前价格: ¥342.01
  目标价格: ¥280-300
  距离目标价还差 14.00%

检查比亚迪...
  当前价格: ¥89.32
  目标价格: ¥60-70
  距离目标价还差 27.00%

监控完成。
=== 股价监控 2026-03-17 06:00:01 ===
检查宁德时代...
  当前价格: ¥342.01
  目标价格: ¥280-300
  距离目标价还差 14.00%

检查比亚迪...
  当前价格: ¥89.32
  目标价格: ¥60-70
  距离目标价还差 27.00%

监控完成。
=== 股价监控 2026-03-17 07:00:01 ===
检查宁德时代...
  当前价格: ¥342.01
  目标价格: ¥280-300
  距离目标价还差 14.00%

检查比亚迪...
  当前价格: ¥89.32
  目标价格: ¥60-70
  距离目标价还差 27.00%

监控完成。
=== 股价监控 2026-03-17 08:00:01 ===
检查宁德时代...
  当前价格: ¥342.01
  目标价格: ¥280-300
  距离目标价还差 14.00%

检查比亚迪...
  当前价格: ¥89.32
  目标价格: ¥60-70
  距离目标价还差 27.00%

监控完成。
=== 股价监控 2026-03-17 09:00:01 ===
检查宁德时代...
  当前价格: ¥342.01
  目标价格: ¥280-300
  距离目标价还差 14.00%

检查比亚迪...
  当前价格: ¥89.32
  目标价格: ¥60-70
  距离目标价还差 27.00%

监控完成。
=== 股价监控 2026-03-17 10:00:01 ===
检查宁德时代...
  当前价格: ¥342.01
  目标价格: ¥280-300
  距离目标价还差 14.00%

检查比亚迪...
  当前价格: ¥89.32
  目标价格: ¥60-70
  距离目标价还差 27.00%

监控完成。
=== 股价监控 2026-03-17 11:00:01 ===
检查宁德时代...
  当前价格: ¥342.01
  目标价格: ¥280-300
  距离目标价还差 14.00%

检查比亚迪...
  当前价格: ¥89.32
  目标价格: ¥60-70
  距离目标价还差 27.00%

监控完成。
=== 股价监控 2026-03-17 12:00:01 ===
检查宁德时代...
  当前价格: ¥342.01
  目标价格: ¥280-300
  距离目标价还差 14.00%

检查比亚迪...
  当前价格: ¥89.32
  目标价格: ¥60-70
  距离目标价还差 27.00%

监控完成。
=== 股价监控 2026-03-17 13:00:01 ===
检查宁德时代...
  当前价格: ¥342.01
  目标价格: ¥280-300
  距离目标价还差 14.00%

检查比亚迪...
  当前价格: ¥89.32
  目标价格: ¥60-70
  距离目标价还差 27.00%

监控完成。
=== 股价监控 2026-03-17 14:00:01 ===
检查宁德时代...
  当前价格: ¥342.01
  目标价格: ¥280-300
  距离目标价还差 14.00%

检查比亚迪...
  当前价格: ¥89.32
  目标价格: ¥60-70
  距离目标价还差 27.00%

监控完成。
=== 股价监控 2026-03-17 15:00:01 ===
检查宁德时代...
  当前价格: ¥342.01
  目标价格: ¥280-300
  距离目标价还差 14.00%

检查比亚迪...
  当前价格: ¥89.32
  目标价格: ¥60-70
  距离目标价还差 27.00%

监控完成。
=== 股价监控 2026-03-17 16:00:01 ===
检查宁德时代...
  当前价格: ¥342.01
  目标价格: ¥280-300
  距离目标价还差 14.00%

检查比亚迪...
  当前价格: ¥89.32
  目标价格: ¥60-70
  距离目标价还差 27.00%

监控完成。
=== 股价监控 2026-03-17 17:00:01 ===
检查宁德时代...
  当前价格: ¥342.01
  目标价格: ¥280-300
  距离目标价还差 14.00%

检查比亚迪...
  当前价格: ¥89.32
  目标价格: ¥60-70
  距离目标价还差 27.00%

监控完成。
=== 股价监控 2026-03-17 18:00:01 ===
检查宁德时代...
  当前价格: ¥342.01
  目标价格: ¥280-300
  距离目标价还差 14.00%

检查比亚迪...
  当前价格: ¥89.32
  目标价格: ¥60-70
  距离目标价还差 27.00%

监控完成。
=== 股价监控 2026-03-17 19:00:01 ===
检查宁德时代...
  当前价格: ¥342.01
  目标价格: ¥280-300
  距离目标价还差 14.00%

检查比亚迪...
  当前价格: ¥89.32
  目标价格: ¥60-70
  距离目标价还差 27.00%

监控完成。
=== 股价监控 2026-03-17 20:00:01 ===
检查宁德时代...
  当前价格: ¥342.01
  目标价格: ¥280-300
  距离目标价还差 14.00%

检查比亚迪...
  当前价格: ¥89.32
  目标价格: ¥60-70
  距离目标价还差 27.00%

监控完成。
=== 股价监控 2026-03-17 21:00:01 ===
检查宁德时代...
  当前价格: ¥342.01
  目标价格: ¥280-300
  距离目标价还差 14.00%

检查比亚迪...
  当前价格: ¥89.32
  目标价格: ¥60-70
  距离目标价还差 27.00%

监控完成。
=== 股价监控 2026-03-17 22:00:01 ===
检查宁德时代...
  当前价格: ¥342.01
  目标价格: ¥280-300
  距离目标价还差 14.00%

检查比亚迪...
  当前价格: ¥89.32
  目标价格: ¥60-70
  距离目标价还差 27.00%

监控完成。
=== 股价监控 2026-03-17 23:00:01 ===
检查宁德时代...
  当前价格: ¥342.01
  目标价格: ¥280-300
  距离目标价还差 14.00%

检查比亚迪...
  当前价格: ¥89.32
  目标价格: ¥60-70
  距离目标价还差 27.00%

监控完成。
=== 股价监控 2026-03-18 00:00:01 ===
检查宁德时代...
  当前价格: ¥342.01
  目标价格: ¥280-300
  距离目标价还差 14.00%

检查比亚迪...
  当前价格: ¥89.32
  目标价格: ¥60-70
  距离目标价还差 27.00%

监控完成。
=== 股价监控 2026-03-18 01:00:01 ===
检查宁德时代...
  当前价格: ¥342.01
  目标价格: ¥280-300
  距离目标价还差 14.00%

检查比亚迪...
  当前价格: ¥89.32
  目标价格: ¥60-70
  距离目标价还差 27.00%

监控完成。
=== 股价监控 2026-03-18 02:00:01 ===
检查宁德时代...
  当前价格: ¥342.01
  目标价格: ¥280-300
  距离目标价还差 14.00%

检查比亚迪...
  当前价格: ¥89.32
  目标价格: ¥60-70
  距离目标价还差 27.00%

监控完成。
=== 股价监控 2026-03-18 03:00:01 ===
检查宁德时代...
  当前价格: ¥342.01
  目标价格: ¥280-300
  距离目标价还差 14.00%

检查比亚迪...
  当前价格: ¥89.32
  目标价格: ¥60-70
  距离目标价还差 27.00%

监控完成。
=== 股价监控 2026-03-18 04:00:01 ===
检查宁德时代...
  当前价格: ¥342.01
  目标价格: ¥280-300
  距离目标价还差 14.00%

检查比亚迪...
  当前价格: ¥89.32
  目标价格: ¥60-70
  距离目标价还差 27.00%

监控完成。
=== 股价监控 2026-03-18 05:00:01 ===
检查宁德时代...
  当前价格: ¥342.01
  目标价格: ¥280-300
  距离目标价还差 14.00%

检查比亚迪...
  当前价格: ¥89.32
  目标价格: ¥60-70
  距离目标价还差 27.00%

监控完成。
=== 股价监控 2026-03-18 06:00:01 ===
检查宁德时代...
  当前价格: ¥342.01
  目标价格: ¥280-300
  距离目标价还差 14.00%

检查比亚迪...
  当前价格: ¥89.32
  目标价格: ¥60-70
  距离目标价还差 27.00%

监控完成。
=== 股价监控 2026-03-18 07:00:01 ===
检查宁德时代...
  当前价格: ¥342.01
  目标价格: ¥280-300
  距离目标价还差 14.00%

检查比亚迪...
  当前价格: ¥89.32
  目标价格: ¥60-70
  距离目标价还差 27.00%

监控完成。
=== 股价监控 2026-03-18 08:00:01 ===
检查宁德时代...
  当前价格: ¥342.01
  目标价格: ¥280-300
  距离目标价还差 14.00%

检查比亚迪...
  当前价格: ¥89.32
  目标价格: ¥60-70
  距离目标价还差 27.00%

监控完成。
=== 股价监控 2026-03-18 09:00:01 ===
检查宁德时代...
  当前价格: ¥342.01
  目标价格: ¥280-300
  距离目标价还差 14.00%

检查比亚迪...
  当前价格: ¥89.32
  目标价格: ¥60-70
  距离目标价还差 27.00%

监控完成。
=== 股价监控 2026-03-18 10:00:01 ===
检查宁德时代...
  当前价格: ¥342.01
  目标价格: ¥280-300
  距离目标价还差 14.00%

检查比亚迪...
  当前价格: ¥89.32
  目标价格: ¥60-70
  距离目标价还差 27.00%

监控完成。
=== 股价监控 2026-03-18 11:00:01 ===
检查宁德时代...
  当前价格: ¥342.01
  目标价格: ¥280-300
  距离目标价还差 14.00%

检查比亚迪...
  当前价格: ¥89.32
  目标价格: ¥60-70
  距离目标价还差 27.00%

监控完成。
=== 股价监控 2026-03-18 12:00:01 ===
检查宁德时代...
  当前价格: ¥342.01
  目标价格: ¥280-300
  距离目标价还差 14.00%

检查比亚迪...
  当前价格: ¥89.32
  目标价格: ¥60-70
  距离目标价还差 27.00%

监控完成。
=== 股价监控 2026-03-18 13:00:01 ===
检查宁德时代...
  当前价格: ¥342.01
  目标价格: ¥280-300
  距离目标价还差 14.00%

检查比亚迪...
  当前价格: ¥89.32
  目标价格: ¥60-70
  距离目标价还差 27.00%

监控完成。
=== 股价监控 2026-03-18 14:00:01 ===
检查宁德时代...
  当前价格: ¥342.01
  目标价格: ¥280-300
  距离目标价还差 14.00%

检查比亚迪...
  当前价格: ¥89.32
  目标价格: ¥60-70
  距离目标价还差 27.00%

监控完成。
=== 股价监控 2026-03-18 15:00:01 ===
检查宁德时代...
  当前价格: ¥342.01
  目标价格: ¥280-300
  距离目标价还差 14.00%

检查比亚迪...
  当前价格: ¥89.32
  目标价格: ¥60-70
  距离目标价还差 27.00%

监控完成。
=== 股价监控 2026-03-18 16:00:01 ===
检查宁德时代...
  当前价格: ¥342.01
  目标价格: ¥280-300
  距离目标价还差 14.00%

检查比亚迪...
  当前价格: ¥89.32
  目标价格: ¥60-70
  距离目标价还差 27.00%

监控完成。
=== 股价监控 2026-03-18 17:00:01 ===
检查宁德时代...
  当前价格: ¥342.01
  目标价格: ¥280-300
  距离目标价还差 14.00%

检查比亚迪...
  当前价格: ¥89.32
  目标价格: ¥60-70
  距离目标价还差 27.00%

监控完成。
=== 股价监控 2026-03-18 18:00:01 ===
检查宁德时代...
  当前价格: ¥342.01
  目标价格: ¥280-300
  距离目标价还差 14.00%

检查比亚迪...
  当前价格: ¥89.32
  目标价格: ¥60-70
  距离目标价还差 27.00%

监控完成。
=== 股价监控 2026-03-18 19:00:01 ===
检查宁德时代...
  当前价格: ¥342.01
  目标价格: ¥280-300
  距离目标价还差 14.00%

检查比亚迪...
  当前价格: ¥89.32
  目标价格: ¥60-70
  距离目标价还差 27.00%

监控完成。
=== 股价监控 2026-03-18 20:00:01 ===
检查宁德时代...
  当前价格: ¥342.01
  目标价格: ¥280-300
  距离目标价还差 14.00%

检查比亚迪...
  当前价格: ¥89.32
  目标价格: ¥60-70
  距离目标价还差 27.00%

监控完成。
=== 股价监控 2026-03-18 21:00:01 ===
检查宁德时代...
  当前价格: ¥342.01
  目标价格: ¥280-300
  距离目标价还差 14.00%

检查比亚迪...
  当前价格: ¥89.32
  目标价格: ¥60-70
  距离目标价还差 27.00%

监控完成。
=== 股价监控 2026-03-18 22:00:01 ===
检查宁德时代...
  当前价格: ¥342.01
  目标价格: ¥280-300
  距离目标价还差 14.00%

检查比亚迪...
  当前价格: ¥89.32
  目标价格: ¥60-70
  距离目标价还差 27.00%

监控完成。
=== 股价监控 2026-03-18 23:00:01 ===
检查宁德时代...
  当前价格: ¥342.01
  目标价格: ¥280-300
  距离目标价还差 14.00%

检查比亚迪...
  当前价格: ¥89.32
  目标价格: ¥60-70
  距离目标价还差 27.00%

监控完成。
=== 股价监控 2026-03-19 00:00:01 ===
检查宁德时代...
  当前价格: ¥342.01
  目标价格: ¥280-300
  距离目标价还差 14.00%

检查比亚迪...
  当前价格: ¥89.32
  目标价格: ¥60-70
  距离目标价还差 27.00%

监控完成。
=== 股价监控 2026-03-19 01:00:01 ===
检查宁德时代...
  当前价格: ¥342.01
  目标价格: ¥280-300
  距离目标价还差 14.00%

检查比亚迪...
  当前价格: ¥89.32
  目标价格: ¥60-70
  距离目标价还差 27.00%

监控完成。
=== 股价监控 2026-03-19 02:00:01 ===
检查宁德时代...
  当前价格: ¥342.01
  目标价格: ¥280-300
  距离目标价还差 14.00%

检查比亚迪...
  当前价格: ¥89.32
  目标价格: ¥60-70
  距离目标价还差 27.00%

监控完成。
=== 股价监控 2026-03-19 03:00:01 ===
检查宁德时代...
  当前价格: ¥342.01
  目标价格: ¥280-300
  距离目标价还差 14.00%

检查比亚迪...
  当前价格: ¥89.32
  目标价格: ¥60-70
  距离目标价还差 27.00%

监控完成。
=== 股价监控 2026-03-19 04:00:01 ===
检查宁德时代...
  当前价格: ¥342.01
  目标价格: ¥280-300
  距离目标价还差 14.00%

检查比亚迪...
  当前价格: ¥89.32
  目标价格: ¥60-70
  距离目标价还差 27.00%

监控完成。
=== 股价监控 2026-03-19 05:00:01 ===
检查宁德时代...
  当前价格: ¥342.01
  目标价格: ¥280-300
  距离目标价还差 14.00%

检查比亚迪...
  当前价格: ¥89.32
  目标价格: ¥60-70
  距离目标价还差 27.00%

监控完成。
=== 股价监控 2026-03-19 06:00:01 ===
检查宁德时代...
  当前价格: ¥342.01
  目标价格: ¥280-300
  距离目标价还差 14.00%

检查比亚迪...
  当前价格: ¥89.32
  目标价格: ¥60-70
  距离目标价还差 27.00%

监控完成。
=== 股价监控 2026-03-19 07:00:01 ===
检查宁德时代...
  当前价格: ¥342.01
  目标价格: ¥280-300
  距离目标价还差 14.00%

检查比亚迪...
  当前价格: ¥89.32
  目标价格: ¥60-70
  距离目标价还差 27.00%

监控完成。
=== 股价监控 2026-03-19 08:00:01 ===
检查宁德时代...
  当前价格: ¥342.01
  目标价格: ¥280-300
  距离目标价还差 14.00%

检查比亚迪...
  当前价格: ¥89.32
  目标价格: ¥60-70
  距离目标价还差 27.00%

监控完成。
=== 股价监控 2026-03-19 09:00:01 ===
检查宁德时代...
  当前价格: ¥342.01
  目标价格: ¥280-300
  距离目标价还差 14.00%

检查比亚迪...
  当前价格: ¥89.32
  目标价格: ¥60-70
  距离目标价还差 27.00%

监控完成。
=== 股价监控 2026-03-19 10:00:01 ===
检查宁德时代...
  当前价格: ¥342.01
  目标价格: ¥280-300
  距离目标价还差 14.00%

检查比亚迪...
  当前价格: ¥89.32
  目标价格: ¥60-70
  距离目标价还差 27.00%

监控完成。
=== 股价监控 2026-03-19 11:00:01 ===
检查宁德时代...
  当前价格: ¥342.01
  目标价格: ¥280-300
  距离目标价还差 14.00%

检查比亚迪...
  当前价格: ¥89.32
  目标价格: ¥60-70
  距离目标价还差 27.00%

监控完成。
=== 股价监控 2026-03-19 12:00:01 ===
检查宁德时代...
  当前价格: ¥342.01
  目标价格: ¥280-300
  距离目标价还差 14.00%

检查比亚迪...
  当前价格: ¥89.32
  目标价格: ¥60-70
  距离目标价还差 27.00%

监控完成。
=== 股价监控 2026-03-19 13:00:01 ===
检查宁德时代...
  当前价格: ¥342.01
  目标价格: ¥280-300
  距离目标价还差 14.00%

检查比亚迪...
  当前价格: ¥89.32
  目标价格: ¥60-70
  距离目标价还差 27.00%

监控完成。
=== 股价监控 2026-03-19 14:00:01 ===
检查宁德时代...
  当前价格: ¥342.01
  目标价格: ¥280-300
  距离目标价还差 14.00%

检查比亚迪...
  当前价格: ¥89.32
  目标价格: ¥60-70
  距离目标价还差 27.00%

监控完成。
=== 股价监控 2026-03-19 15:00:01 ===
检查宁德时代...
  当前价格: ¥342.01
  目标价格: ¥280-300
  距离目标价还差 14.00%

检查比亚迪...
  当前价格: ¥89.32
  目标价格: ¥60-70
  距离目标价还差 27.00%

监控完成。
=== 股价监控 2026-03-19 16:00:01 ===
检查宁德时代...
  当前价格: ¥342.01
  目标价格: ¥280-300
  距离目标价还差 14.00%

检查比亚迪...
  当前价格: ¥89.32
  目标价格: ¥60-70
  距离目标价还差 27.00%

监控完成。
=== 股价监控 2026-03-19 17:00:01 ===
检查宁德时代...
  当前价格: ¥342.01
  目标价格: ¥280-300
  距离目标价还差 14.00%

检查比亚迪...
  当前价格: ¥89.32
  目标价格: ¥60-70
  距离目标价还差 27.00%

监控完成。
=== 股价监控 2026-03-19 18:00:01 ===
检查宁德时代...
  当前价格: ¥342.01
  目标价格: ¥280-300
  距离目标价还差 14.00%

检查比亚迪...
  当前价格: ¥89.32
  目标价格: ¥60-70
  距离目标价还差 27.00%

监控完成。
=== 股价监控 2026-03-19 19:00:01 ===
检查宁德时代...
  当前价格: ¥342.01
  目标价格: ¥280-300
  距离目标价还差 14.00%

检查比亚迪...
  当前价格: ¥89.32
  目标价格: ¥60-70
  距离目标价还差 27.00%

监控完成。
=== 股价监控 2026-03-19 20:00:01 ===
检查宁德时代...
  当前价格: ¥342.01
  目标价格: ¥280-300
  距离目标价还差 14.00%

检查比亚迪...
  当前价格: ¥89.32
  目标价格: ¥60-70
  距离目标价还差 27.00%

监控完成。
=== 股价监控 2026-03-19 21:00:01 ===
检查宁德时代...
  当前价格: ¥342.01
  目标价格: ¥280-300
  距离目标价还差 14.00%

检查比亚迪...
  当前价格: ¥89.32
  目标价格: ¥60-70
  距离目标价还差 27.00%

监控完成。
=== 股价监控 2026-03-19 22:00:01 ===
检查宁德时代...
  当前价格: ¥342.01
  目标价格: ¥280-300
  距离目标价还差 14.00%

检查比亚迪...
  当前价格: ¥89.32
  目标价格: ¥60-70
  距离目标价还差 27.00%

监控完成。
=== 股价监控 2026-03-19 23:00:01 ===
检查宁德时代...
  当前价格: ¥342.01
  目标价格: ¥280-300
  距离目标价还差 14.00%

检查比亚迪...
  当前价格: ¥89.32
  目标价格: ¥60-70
  距离目标价还差 27.00%

监控完成。
=== 股价监控 2026-03-20 00:00:01 ===
检查宁德时代...
  当前价格: ¥342.01
  目标价格: ¥280-300
  距离目标价还差 14.00%

检查比亚迪...
  当前价格: ¥89.32
  目标价格: ¥60-70
  距离目标价还差 27.00%

监控完成。
=== 股价监控 2026-03-20 01:00:01 ===
检查宁德时代...
  当前价格: ¥342.01
  目标价格: ¥280-300
  距离目标价还差 14.00%

检查比亚迪...
  当前价格: ¥89.32
  目标价格: ¥60-70
  距离目标价还差 27.00%

监控完成。
=== 股价监控 2026-03-20 02:00:01 ===
检查宁德时代...
  当前价格: ¥342.01
  目标价格: ¥280-300
  距离目标价还差 14.00%

检查比亚迪...
  当前价格: ¥89.32
  目标价格: ¥60-70
  距离目标价还差 27.00%

监控完成。
=== 股价监控 2026-03-20 03:00:01 ===
检查宁德时代...
  当前价格: ¥342.01
  目标价格: ¥280-300
  距离目标价还差 14.00%

检查比亚迪...
  当前价格: ¥89.32
  目标价格: ¥60-70
  距离目标价还差 27.00%

监控完成。
=== 股价监控 2026-03-20 04:00:01 ===
检查宁德时代...
  当前价格: ¥342.01
  目标价格: ¥280-300
  距离目标价还差 14.00%

检查比亚迪...
  当前价格: ¥89.32
  目标价格: ¥60-70
  距离目标价还差 27.00%

监控完成。
=== 股价监控 2026-03-20 05:00:01 ===
检查宁德时代...
  当前价格: ¥342.01
  目标价格: ¥280-300
  距离目标价还差 14.00%

检查比亚迪...
  当前价格: ¥89.32
  目标价格: ¥60-70
  距离目标价还差 27.00%

监控完成。
=== 股价监控 2026-03-20 06:00:01 ===
检查宁德时代...
  当前价格: ¥342.01
  目标价格: ¥280-300
  距离目标价还差 14.00%

检查比亚迪...
  当前价格: ¥89.32
  目标价格: ¥60-70
  距离目标价还差 27.00%

监控完成。
=== 股价监控 2026-03-20 07:00:01 ===
检查宁德时代...
  当前价格: ¥342.01
  目标价格: ¥280-300
  距离目标价还差 14.00%

检查比亚迪...
  当前价格: ¥89.32
  目标价格: ¥60-70
  距离目标价还差 27.00%

监控完成。
=== 股价监控 2026-03-20 08:00:01 ===
检查宁德时代...
  当前价格: ¥342.01
  目标价格: ¥280-300
  距离目标价还差 14.00%

检查比亚迪...
  当前价格: ¥89.32
  目标价格: ¥60-70
  距离目标价还差 27.00%

监控完成。
=== 股价监控 2026-03-20 09:00:01 ===
检查宁德时代...
  当前价格: ¥342.01
  目标价格: ¥280-300
  距离目标价还差 14.00%

检查比亚迪...
  当前价格: ¥89.32
  目标价格: ¥60-70
  距离目标价还差 27.00%

监控完成。
=== 股价监控 2026-03-20 10:00:01 ===
检查宁德时代...
  当前价格: ¥342.01
  目标价格: ¥280-300
  距离目标价还差 14.00%

检查比亚迪...
  当前价格: ¥89.32
  目标价格: ¥60-70
  距离目标价还差 27.00%

监控完成。
=== 股价监控 2026-03-20 11:00:01 ===
检查宁德时代...
  当前价格: ¥342.01
  目标价格: ¥280-300
  距离目标价还差 14.00%

检查比亚迪...
  当前价格: ¥89.32
  目标价格: ¥60-70
  距离目标价还差 27.00%

监控完成。
=== 股价监控 2026-03-20 12:00:01 ===
检查宁德时代...
  当前价格: ¥342.01
  目标价格: ¥280-300
  距离目标价还差 14.00%

检查比亚迪...
  当前价格: ¥89.32
  目标价格: ¥60-70
  距离目标价还差 27.00%

监控完成。
=== 股价监控 2026-03-20 13:00:01 ===
检查宁德时代...
  当前价格: ¥342.01
  目标价格: ¥280-300
  距离目标价还差 14.00%

检查比亚迪...
  当前价格: ¥89.32
  目标价格: ¥60-70
  距离目标价还差 27.00%

监控完成。
=== 股价监控 2026-03-20 14:00:01 ===
检查宁德时代...
  当前价格: ¥342.01
  目标价格: ¥280-300
  距离目标价还差 14.00%

检查比亚迪...
  当前价格: ¥89.32
  目标价格: ¥60-70
  距离目标价还差 27.00%

监控完成。
=== 股价监控 2026-03-20 15:00:01 ===
检查宁德时代...
  当前价格: ¥342.01
  目标价格: ¥280-300
  距离目标价还差 14.00%

检查比亚迪...
  当前价格: ¥89.32
  目标价格: ¥60-70
  距离目标价还差 27.00%

监控完成。
=== 股价监控 2026-03-20 16:00:01 ===
检查宁德时代...
  当前价格: ¥342.01
  目标价格: ¥280-300
  距离目标价还差 14.00%

检查比亚迪...
  当前价格: ¥89.32
  目标价格: ¥60-70
  距离目标价还差 27.00%

监控完成。
=== 股价监控 2026-03-20 17:00:01 ===
检查宁德时代...
  当前价格: ¥342.01
  目标价格: ¥280-300
  距离目标价还差 14.00%

检查比亚迪...
  当前价格: ¥89.32
  目标价格: ¥60-70
  距离目标价还差 27.00%

监控完成。
=== 股价监控 2026-03-20 18:00:01 ===
检查宁德时代...
  当前价格: ¥342.01
  目标价格: ¥280-300
  距离目标价还差 14.00%

检查比亚迪...
  当前价格: ¥89.32
  目标价格: ¥60-70
  距离目标价还差 27.00%

监控完成。
=== 股价监控 2026-03-20 19:00:01 ===
检查宁德时代...
  当前价格: ¥342.01
  目标价格: ¥280-300
  距离目标价还差 14.00%

检查比亚迪...
  当前价格: ¥89.32
  目标价格: ¥60-70
  距离目标价还差 27.00%

监控完成。
=== 股价监控 2026-03-20 20:00:01 ===
检查宁德时代...
  当前价格: ¥342.01
  目标价格: ¥280-300
  距离目标价还差 14.00%

检查比亚迪...
  当前价格: ¥89.32
  目标价格: ¥60-70
  距离目标价还差 27.00%

监控完成。
=== 股价监控 2026-03-20 21:00:01 ===
检查宁德时代...
  当前价格: ¥342.01
  目标价格: ¥280-300
  距离目标价还差 14.00%

检查比亚迪...
  当前价格: ¥89.32
  目标价格: ¥60-70
  距离目标价还差 27.00%

监控完成。
=== 股价监控 2026-03-20 22:00:01 ===
检查宁德时代...
  当前价格: ¥342.01
  目标价格: ¥280-300
  距离目标价还差 14.00%

检查比亚迪...
  当前价格: ¥89.32
  目标价格: ¥60-70
  距离目标价还差 27.00%

监控完成。
=== 股价监控 2026-03-20 23:00:01 ===
检查宁德时代...
  当前价格: ¥342.01
  目标价格: ¥280-300
  距离目标价还差 14.00%

检查比亚迪...
  当前价格: ¥89.32
  目标价格: ¥60-70
  距离目标价还差 27.00%

监控完成。
=== 股价监控 2026-03-23 00:00:01 ===
检查宁德时代...
  当前价格: ¥342.01
  目标价格: ¥280-300
  距离目标价还差 14.00%

检查比亚迪...
  当前价格: ¥89.32
  目标价格: ¥60-70
  距离目标价还差 27.00%

监控完成。
=== 股价监控 2026-03-23 01:00:01 ===
检查宁德时代...
  当前价格: ¥342.01
  目标价格: ¥280-300
  距离目标价还差 14.00%

检查比亚迪...
  当前价格: ¥89.32
  目标价格: ¥60-70
  距离目标价还差 27.00%

监控完成。
=== 股价监控 2026-03-23 02:00:01 ===
检查宁德时代...
  当前价格: ¥342.01
  目标价格: ¥280-300
  距离目标价还差 14.00%

检查比亚迪...
  当前价格: ¥89.32
  目标价格: ¥60-70
  距离目标价还差 27.00%

监控完成。
=== 股价监控 2026-03-23 03:00:01 ===
检查宁德时代...
  当前价格: ¥342.01
  目标价格: ¥280-300
  距离目标价还差 14.00%

检查比亚迪...
  当前价格: ¥89.32
  目标价格: ¥60-70
  距离目标价还差 27.00%

监控完成。
=== 股价监控 2026-03-23 04:00:01 ===
检查宁德时代...
  当前价格: ¥342.01
  目标价格: ¥280-300
  距离目标价还差 14.00%

检查比亚迪...
  当前价格: ¥89.32
  目标价格: ¥60-70
  距离目标价还差 27.00%

监控完成。
=== 股价监控 2026-03-23 05:00:01 ===
检查宁德时代...
  当前价格: ¥342.01
  目标价格: ¥280-300
  距离目标价还差 14.00%

检查比亚迪...
  当前价格: ¥89.32
  目标价格: ¥60-70
  距离目标价还差 27.00%

监控完成。
=== 股价监控 2026-03-23 06:00:01 ===
检查宁德时代...
  当前价格: ¥342.01
  目标价格: ¥280-300
  距离目标价还差 14.00%

检查比亚迪...
  当前价格: ¥89.32
  目标价格: ¥60-70
  距离目标价还差 27.00%

监控完成。
=== 股价监控 2026-03-23 07:00:01 ===
检查宁德时代...
  当前价格: ¥342.01
  目标价格: ¥280-300
  距离目标价还差 14.00%

检查比亚迪...
  当前价格: ¥89.32
  目标价格: ¥60-70
  距离目标价还差 27.00%

监控完成。
=== 股价监控 2026-03-23 08:00:01 ===
检查宁德时代...
  当前价格: ¥342.01
  目标价格: ¥280-300
  距离目标价还差 14.00%

检查比亚迪...
  当前价格: ¥89.32
  目标价格: ¥60-70
  距离目标价还差 27.00%

监控完成。
=== 股价监控 2026-03-23 09:00:01 ===
检查宁德时代...
  当前价格: ¥342.01
  目标价格: ¥280-300
  距离目标价还差 14.00%

检查比亚迪...
  当前价格: ¥89.32
  目标价格: ¥60-70
  距离目标价还差 27.00%

监控完成。
=== 股价监控 2026-03-23 10:00:01 ===
检查宁德时代...
  当前价格: ¥342.01
  目标价格: ¥280-300
  距离目标价还差 14.00%

检查比亚迪...
  当前价格: ¥89.32
  目标价格: ¥60-70
  距离目标价还差 27.00%

监控完成。
=== 股价监控 2026-03-23 11:00:01 ===
检查宁德时代...
  当前价格: ¥342.01
  目标价格: ¥280-300
  距离目标价还差 14.00%

检查比亚迪...
  当前价格: ¥89.32
  目标价格: ¥60-70
  距离目标价还差 27.00%

监控完成。
=== 股价监控 2026-03-23 12:00:01 ===
检查宁德时代...
  当前价格: ¥342.01
  目标价格: ¥280-300
  距离目标价还差 14.00%

检查比亚迪...
  当前价格: ¥89.32
  目标价格: ¥60-70
  距离目标价还差 27.00%

监控完成。
=== 股价监控 2026-03-23 13:00:01 ===
检查宁德时代...
  当前价格: ¥342.01
  目标价格: ¥280-300
  距离目标价还差 14.00%

检查比亚迪...
  当前价格: ¥89.32
  目标价格: ¥60-70
  距离目标价还差 27.00%

监控完成。
=== 股价监控 2026-03-23 14:00:01 ===
检查宁德时代...
  当前价格: ¥342.01
  目标价格: ¥280-300
  距离目标价还差 14.00%

检查比亚迪...
  当前价格: ¥89.32
  目标价格: ¥60-70
  距离目标价还差 27.00%

监控完成。
=== 股价监控 2026-03-23 15:00:01 ===
检查宁德时代...
  当前价格: ¥342.01
  目标价格: ¥280-300
  距离目标价还差 14.00%

检查比亚迪...
  当前价格: ¥89.32
  目标价格: ¥60-70
  距离目标价还差 27.00%

监控完成。
=== 股价监控 2026-03-23 16:00:01 ===
检查宁德时代...
  当前价格: ¥342.01
  目标价格: ¥280-300
  距离目标价还差 14.00%

检查比亚迪...
  当前价格: ¥89.32
  目标价格: ¥60-70
  距离目标价还差 27.00%

监控完成。
=== 股价监控 2026-03-23 17:00:01 ===
检查宁德时代...
  当前价格: ¥342.01
  目标价格: ¥280-300
  距离目标价还差 14.00%

检查比亚迪...
  当前价格: ¥89.32
  目标价格: ¥60-70
  距离目标价还差 27.00%

监控完成。
=== 股价监控 2026-03-23 18:00:01 ===
检查宁德时代...
  当前价格: ¥342.01
  目标价格: ¥280-300
  距离目标价还差 14.00%

检查比亚迪...
  当前价格: ¥89.32
  目标价格: ¥60-70
  距离目标价还差 27.00%

监控完成。
=== 股价监控 2026-03-23 19:00:01 ===
检查宁德时代...
  当前价格: ¥342.01
  目标价格: ¥280-300
  距离目标价还差 14.00%

检查比亚迪...
  当前价格: ¥89.32
  目标价格: ¥60-70
  距离目标价还差 27.00%

监控完成。
=== 股价监控 2026-03-23 20:00:01 ===
检查宁德时代...
  当前价格: ¥342.01
  目标价格: ¥280-300
  距离目标价还差 14.00%

检查比亚迪...
  当前价格: ¥89.32
  目标价格: ¥60-70
  距离目标价还差 27.00%

监控完成。
=== 股价监控 2026-03-23 21:00:01 ===
检查宁德时代...
  当前价格: ¥342.01
  目标价格: ¥280-300
  距离目标价还差 14.00%

检查比亚迪...
  当前价格: ¥89.32
  目标价格: ¥60-70
  距离目标价还差 27.00%

监控完成。
=== 股价监控 2026-03-23 22:00:01 ===
检查宁德时代...
  当前价格: ¥342.01
  目标价格: ¥280-300
  距离目标价还差 14.00%

检查比亚迪...
  当前价格: ¥89.32
  目标价格: ¥60-70
  距离目标价还差 27.00%

监控完成。
=== 股价监控 2026-03-23 23:00:01 ===
检查宁德时代...
  当前价格: ¥342.01
  目标价格: ¥280-300
  距离目标价还差 14.00%

检查比亚迪...
  当前价格: ¥89.32
  目标价格: ¥60-70
  距离目标价还差 27.00%

监控完成。
=== 股价监控 2026-03-24 00:00:01 ===
检查宁德时代...
  当前价格: ¥342.01
  目标价格: ¥280-300
  距离目标价还差 14.00%

检查比亚迪...
  当前价格: ¥89.32
  目标价格: ¥60-70
  距离目标价还差 27.00%

监控完成。
=== 股价监控 2026-03-24 01:00:01 ===
检查宁德时代...
  当前价格: ¥342.01
  目标价格: ¥280-300
  距离目标价还差 14.00%

检查比亚迪...
  当前价格: ¥89.32
  目标价格: ¥60-70
  距离目标价还差 27.00%

监控完成。
=== 股价监控 2026-03-24 02:00:01 ===
检查宁德时代...
  当前价格: ¥342.01
  目标价格: ¥280-300
  距离目标价还差 14.00%

检查比亚迪...
  当前价格: ¥89.32
  目标价格: ¥60-70
  距离目标价还差 27.00%

监控完成。
=== 股价监控 2026-03-24 03:00:01 ===
检查宁德时代...
  当前价格: ¥342.01
  目标价格: ¥280-300
  距离目标价还差 14.00%

检查比亚迪...
  当前价格: ¥89.32
  目标价格: ¥60-70
  距离目标价还差 27.00%

监控完成。
=== 股价监控 2026-03-24 04:00:01 ===
检查宁德时代...
  当前价格: ¥342.01
  目标价格: ¥280-300
  距离目标价还差 14.00%

检查比亚迪...
  当前价格: ¥89.32
  目标价格: ¥60-70
  距离目标价还差 27.00%

监控完成。
=== 股价监控 2026-03-24 05:00:01 ===
检查宁德时代...
  当前价格: ¥342.01
  目标价格: ¥280-300
  距离目标价还差 14.00%

检查比亚迪...
  当前价格: ¥89.32
  目标价格: ¥60-70
  距离目标价还差 27.00%

监控完成。
=== 股价监控 2026-03-24 06:00:01 ===
检查宁德时代...
  当前价格: ¥342.01
  目标价格: ¥280-300
  距离目标价还差 14.00%

检查比亚迪...
  当前价格: ¥89.32
  目标价格: ¥60-70
  距离目标价还差 27.00%

监控完成。
=== 股价监控 2026-03-24 07:00:01 ===
检查宁德时代...
  当前价格: ¥342.01
  目标价格: ¥280-300
  距离目标价还差 14.00%

检查比亚迪...
  当前价格: ¥89.32
  目标价格: ¥60-70
  距离目标价还差 27.00%

监控完成。
=== 股价监控 2026-03-24 08:00:01 ===
检查宁德时代...
  当前价格: ¥342.01
  目标价格: ¥280-300
  距离目标价还差 14.00%

检查比亚迪...
  当前价格: ¥89.32
  目标价格: ¥60-70
  距离目标价还差 27.00%

监控完成。
=== 股价监控 2026-03-24 09:00:01 ===
检查宁德时代...
  当前价格: ¥342.01
  目标价格: ¥280-300
  距离目标价还差 14.00%

检查比亚迪...
  当前价格: ¥89.32
  目标价格: ¥60-70
  距离目标价还差 27.00%

监控完成。
=== 股价监控 2026-03-24 10:00:01 ===
检查宁德时代...
  当前价格: ¥342.01
  目标价格: ¥280-300
  距离目标价还差 14.00%

检查比亚迪...
  当前价格: ¥89.32
  目标价格: ¥60-70
  距离目标价还差 27.00%

监控完成。
=== 股价监控 2026-03-24 11:00:01 ===
检查宁德时代...
  当前价格: ¥342.01
  目标价格: ¥280-300
  距离目标价还差 14.00%

检查比亚迪...
  当前价格: ¥89.32
  目标价格: ¥60-70
  距离目标价还差 27.00%

监控完成。
=== 股价监控 2026-03-24 12:00:01 ===
检查宁德时代...
  当前价格: ¥342.01
  目标价格: ¥280-300
  距离目标价还差 14.00%

检查比亚迪...
  当前价格: ¥89.32
  目标价格: ¥60-70
  距离目标价还差 27.00%

监控完成。
=== 股价监控 2026-03-24 13:00:01 ===
检查宁德时代...
  当前价格: ¥342.01
  目标价格: ¥280-300
  距离目标价还差 14.00%

检查比亚迪...
  当前价格: ¥89.32
  目标价格: ¥60-70
  距离目标价还差 27.00%

监控完成。
=== 股价监控 2026-03-24 14:00:01 ===
检查宁德时代...
  当前价格: ¥342.01
  目标价格: ¥280-300
  距离目标价还差 14.00%

检查比亚迪...
  当前价格: ¥89.32
  目标价格: ¥60-70
  距离目标价还差 27.00%

监控完成。
=== 股价监控 2026-03-24 15:00:01 ===
检查宁德时代...
  当前价格: ¥342.01
  目标价格: ¥280-300
  距离目标价还差 14.00%

检查比亚迪...
  当前价格: ¥89.32
  目标价格: ¥60-70
  距离目标价还差 27.00%

监控完成。
=== 股价监控 2026-03-24 16:00:01 ===
检查宁德时代...
  当前价格: ¥342.01
  目标价格: ¥280-300
  距离目标价还差 14.00%

检查比亚迪...
  当前价格: ¥89.32
  目标价格: ¥60-70
  距离目标价还差 27.00%

监控完成。
=== 股价监控 2026-03-24 17:00:01 ===
检查宁德时代...
  当前价格: ¥342.01
  目标价格: ¥280-300
  距离目标价还差 14.00%

检查比亚迪...
  当前价格: ¥89.32
  目标价格: ¥60-70
  距离目标价还差 27.00%

监控完成。
=== 股价监控 2026-03-24 18:00:01 ===
检查宁德时代...
  当前价格: ¥342.01
  目标价格: ¥280-300
  距离目标价还差 14.00%

检查比亚迪...
  当前价格: ¥89.32
  目标价格: ¥60-70
  距离目标价还差 27.00%

监控完成。
=== 股价监控 2026-03-24 19:00:01 ===
检查宁德时代...
  当前价格: ¥342.01
  目标价格: ¥280-300
  距离目标价还差 14.00%

检查比亚迪...
  当前价格: ¥89.32
  目标价格: ¥60-70
  距离目标价还差 27.00%

监控完成。
=== 股价监控 2026-03-24 20:00:01 ===
检查宁德时代...
  当前价格: ¥342.01
  目标价格: ¥280-300
  距离目标价还差 14.00%

检查比亚迪...
  当前价格: ¥89.32
  目标价格: ¥60-70
  距离目标价还差 27.00%

监控完成。
=== 股价监控 2026-03-24 21:00:01 ===
检查宁德时代...
  当前价格: ¥342.01
  目标价格: ¥280-300
  距离目标价还差 14.00%

检查比亚迪...
  当前价格: ¥89.32
  目标价格: ¥60-70
  距离目标价还差 27.00%

监控完成。
=== 股价监控 2026-03-24 22:00:01 ===
检查宁德时代...
  当前价格: ¥342.01
  目标价格: ¥280-300
  距离目标价还差 14.00%

检查比亚迪...
  当前价格: ¥89.32
  目标价格: ¥60-70
  距离目标价还差 27.00%

监控完成。
=== 股价监控 2026-03-24 23:00:01 ===
检查宁德时代...
  当前价格: ¥342.01
  目标价格: ¥280-300
  距离目标价还差 14.00%

检查比亚迪...
  当前价格: ¥89.32
  目标价格: ¥60-70
  距离目标价还差 27.00%

监控完成。
=== 股价监控 2026-03-25 00:00:01 ===
检查宁德时代...
  当前价格: ¥342.01
  目标价格: ¥280-300
  距离目标价还差 14.00%

检查比亚迪...
  当前价格: ¥89.32
  目标价格: ¥60-70
  距离目标价还差 27.00%

监控完成。
=== 股价监控 2026-03-25 01:00:01 ===
检查宁德时代...
  当前价格: ¥342.01
  目标价格: ¥280-300
  距离目标价还差 14.00%

检查比亚迪...
  当前价格: ¥89.32
  目标价格: ¥60-70
  距离目标价还差 27.00%

监控完成。
=== 股价监控 2026-03-25 02:00:01 ===
检查宁德时代...
  当前价格: ¥342.01
  目标价格: ¥280-300
  距离目标价还差 14.00%

检查比亚迪...
  当前价格: ¥89.32
  目标价格: ¥60-70
  距离目标价还差 27.00%

监控完成。
=== 股价监控 2026-03-25 03:00:01 ===
检查宁德时代...
  当前价格: ¥342.01
  目标价格: ¥280-300
  距离目标价还差 14.00%

检查比亚迪...
  当前价格: ¥89.32
  目标价格: ¥60-70
  距离目标价还差 27.00%

监控完成。
=== 股价监控 2026-03-25 04:00:01 ===
检查宁德时代...
  当前价格: ¥342.01
  目标价格: ¥280-300
  距离目标价还差 14.00%

检查比亚迪...
  当前价格: ¥89.32
  目标价格: ¥60-70
  距离目标价还差 27.00%

监控完成。
=== 股价监控 2026-03-25 05:00:01 ===
检查宁德时代...
  当前价格: ¥342.01
  目标价格: ¥280-300
  距离目标价还差 14.00%

检查比亚迪...
  当前价格: ¥89.32
  目标价格: ¥60-70
  距离目标价还差 27.00%

监控完成。
=== 股价监控 2026-03-25 06:00:01 ===
检查宁德时代...
  当前价格: ¥342.01
  目标价格: ¥280-300
  距离目标价还差 14.00%

检查比亚迪...
  当前价格: ¥89.32
  目标价格: ¥60-70
  距离目标价还差 27.00%

监控完成。
=== 股价监控 2026-03-25 07:00:01 ===
检查宁德时代...
  当前价格: ¥342.01
  目标价格: ¥280-300
  距离目标价还差 14.00%

检查比亚迪...
  当前价格: ¥89.32
  目标价格: ¥60-70
  距离目标价还差 27.00%

监控完成。
=== 股价监控 2026-03-25 08:00:01 ===
检查宁德时代...
  当前价格: ¥342.01
  目标价格: ¥280-300
  距离目标价还差 14.00%

检查比亚迪...
  当前价格: ¥89.32
  目标价格: ¥60-70
  距离目标价还差 27.00%

监控完成。
=== 股价监控 2026-03-25 09:00:01 ===
检查宁德时代...
  当前价格: ¥342.01
  目标价格: ¥280-300
  距离目标价还差 14.00%

检查比亚迪...
  当前价格: ¥89.32
  目标价格: ¥60-70
  距离目标价还差 27.00%

监控完成。
=== 股价监控 2026-03-25 10:00:01 ===
检查宁德时代...
  当前价格: ¥342.01
  目标价格: ¥280-300
  距离目标价还差 14.00%

检查比亚迪...
  当前价格: ¥89.32
  目标价格: ¥60-70
  距离目标价还差 27.00%

监控完成。
=== 股价监控 2026-03-25 11:00:01 ===
检查宁德时代...
  当前价格: ¥342.01
  目标价格: ¥280-300
  距离目标价还差 14.00%

检查比亚迪...
  当前价格: ¥89.32
  目标价格: ¥60-70
  距离目标价还差 27.00%

监控完成。
=== 股价监控 2026-03-25 12:00:01 ===
检查宁德时代...
  当前价格: ¥342.01
  目标价格: ¥280-300
  距离目标价还差 14.00%

检查比亚迪...
  当前价格: ¥89.32
  目标价格: ¥60-70
  距离目标价还差 27.00%

监控完成。
=== 股价监控 2026-03-25 13:00:01 ===
检查宁德时代...
  当前价格: ¥342.01
  目标价格: ¥280-300
  距离目标价还差 14.00%

检查比亚迪...
  当前价格: ¥89.32
  目标价格: ¥60-70
  距离目标价还差 27.00%

监控完成。
=== 股价监控 2026-03-25 14:00:01 ===
检查宁德时代...
  当前价格: ¥342.01
  目标价格: ¥280-300
  距离目标价还差 14.00%

检查比亚迪...
  当前价格: ¥89.32
  目标价格: ¥60-70
  距离目标价还差 27.00%

监控完成。
=== 股价监控 2026-03-25 15:00:01 ===
检查宁德时代...
  当前价格: ¥342.01
  目标价格: ¥280-300
  距离目标价还差 14.00%

检查比亚迪...
  当前价格: ¥89.32
  目标价格: ¥60-70
  距离目标价还差 27.00%

监控完成。
=== 股价监控 2026-03-25 16:00:01 ===
检查宁德时代...
  当前价格: ¥342.01
  目标价格: ¥280-300
  距离目标价还差 14.00%

检查比亚迪...
  当前价格: ¥89.32
  目标价格: ¥60-70
  距离目标价还差 27.00%

监控完成。
=== 股价监控 2026-03-25 17:00:01 ===
检查宁德时代...
  当前价格: ¥342.01
  目标价格: ¥280-300
  距离目标价还差 14.00%

检查比亚迪...
  当前价格: ¥89.32
  目标价格: ¥60-70
  距离目标价还差 27.00%

监控完成。
=== 股价监控 2026-03-25 18:00:01 ===
检查宁德时代...
  当前价格: ¥342.01
  目标价格: ¥280-300
  距离目标价还差 14.00%

检查比亚迪...
  当前价格: ¥89.32
  目标价格: ¥60-70
  距离目标价还差 27.00%

监控完成。
=== 股价监控 2026-03-25 19:00:01 ===
检查宁德时代...
  当前价格: ¥342.01
  目标价格: ¥280-300
  距离目标价还差 14.00%

检查比亚迪...
  当前价格: ¥89.32
  目标价格: ¥60-70
  距离目标价还差 27.00%

监控完成。
=== 股价监控 2026-03-25 20:00:01 ===
检查宁德时代...
  当前价格: ¥342.01
  目标价格: ¥280-300
  距离目标价还差 14.00%

检查比亚迪...
  当前价格: ¥89.32
  目标价格: ¥60-70
  距离目标价还差 27.00%

监控完成。
=== 股价监控 2026-03-25 21:00:01 ===
检查宁德时代...
  当前价格: ¥342.01
  目标价格: ¥280-300
  距离目标价还差 14.00%

检查比亚迪...
  当前价格: ¥89.32
  目标价格: ¥60-70
  距离目标价还差 27.00%

监控完成。
=== 股价监控 2026-03-25 22:00:01 ===
检查宁德时代...
  当前价格: ¥342.01
  目标价格: ¥280-300
  距离目标价还差 14.00%

检查比亚迪...
  当前价格: ¥89.32
  目标价格: ¥60-70
  距离目标价还差 27.00%

监控完成。
=== 股价监控 2026-03-25 23:00:01 ===
检查宁德时代...
  当前价格: ¥342.01
  目标价格: ¥280-300
  距离目标价还差 14.00%

检查比亚迪...
  当前价格: ¥89.32
  目标价格: ¥60-70
  距离目标价还差 27.00%

监控完成。
=== 股价监控 2026-03-26 00:00:01 ===
检查宁德时代...
  当前价格: ¥342.01
  目标价格: ¥280-300
  距离目标价还差 14.00%

检查比亚迪...
  当前价格: ¥89.32
  目标价格: ¥60-70
  距离目标价还差 27.00%

监控完成。
=== 股价监控 2026-03-26 01:00:01 ===
检查宁德时代...
  当前价格: ¥342.01
  目标价格: ¥280-300
  距离目标价还差 14.00%

检查比亚迪...
  当前价格: ¥89.32
  目标价格: ¥60-70
  距离目标价还差 27.00%

监控完成。
=== 股价监控 2026-03-26 02:00:01 ===
检查宁德时代...
  当前价格: ¥342.01
  目标价格: ¥280-300
  距离目标价还差 14.00%

检查比亚迪...
  当前价格: ¥89.32
  目标价格: ¥60-70
  距离目标价还差 27.00%

监控完成。
=== 股价监控 2026-03-26 03:00:02 ===
检查宁德时代...
  当前价格: ¥342.01
  目标价格: ¥280-300
  距离目标价还差 14.00%

检查比亚迪...
  当前价格: ¥89.32
  目标价格: ¥60-70
  距离目标价还差 27.00%

监控完成。
=== 股价监控 2026-03-26 04:00:01 ===
检查宁德时代...
  当前价格: ¥342.01
  目标价格: ¥280-300
  距离目标价还差 14.00%

检查比亚迪...
  当前价格: ¥89.32
  目标价格: ¥60-70
  距离目标价还差 27.00%

监控完成。
=== 股价监控 2026-03-26 05:00:01 ===
检查宁德时代...
  当前价格: ¥342.01
  目标价格: ¥280-300
  距离目标价还差 14.00%

检查比亚迪...
  当前价格: ¥89.32
  目标价格: ¥60-70
  距离目标价还差 27.00%

监控完成。
=== 股价监控 2026-03-26 06:00:01 ===
检查宁德时代...
  当前价格: ¥342.01
  目标价格: ¥280-300
  距离目标价还差 14.00%

检查比亚迪...
  当前价格: ¥89.32
  目标价格: ¥60-70
  距离目标价还差 27.00%

监控完成。
=== 股价监控 2026-03-26 07:00:01 ===
检查宁德时代...
  当前价格: ¥342.01
  目标价格: ¥280-300
  距离目标价还差 14.00%

检查比亚迪...
  当前价格: ¥89.32
  目标价格: ¥60-70
  距离目标价还差 27.00%

监控完成。
=== 股价监控 2026-03-26 08:00:01 ===
检查宁德时代...
  当前价格: ¥342.01
  目标价格: ¥280-300
  距离目标价还差 14.00%

检查比亚迪...
  当前价格: ¥89.32
  目标价格: ¥60-70
  距离目标价还差 27.00%

监控完成。
=== 股价监控 2026-03-26 09:00:01 ===
检查宁德时代...
  当前价格: ¥342.01
  目标价格: ¥280-300
  距离目标价还差 14.00%

检查比亚迪...
  当前价格: ¥89.32
  目标价格: ¥60-70
  距离目标价还差 27.00%

监控完成。
=== 股价监控 2026-03-26 10:00:01 ===
检查宁德时代...
  当前价格: ¥342.01
  目标价格: ¥280-300
  距离目标价还差 14.00%

检查比亚迪...
  当前价格: ¥89.32
  目标价格: ¥60-70
  距离目标价还差 27.00%

监控完成。
